This is pdfTeX, Version 3.14159265-2.6-1.40.16 (TeX Live 2015/Debian) (preloaded format=pdflatex 2018.3.19)  27 APR 2018 12:52
entering extended mode
 restricted \write18 enabled.
 %&-line parsing enabled.
**Thesis.tex
(/home/adam/Documents/VRproj/VRproj-U/Report/Thesis.tex
LaTeX2e <2016/02/01>
Babel <3.9q> and hyphenation patterns for 81 language(s) loaded.
(/usr/share/texlive/texmf-dist/tex/latex/url/url.sty
\Urlmuskip=\muskip10
Package: url 2013/09/16  ver 3.4  Verb mode for urls, etc.
)
(/home/adam/Documents/VRproj/VRproj-U/Report/Thesis.cls
Document Class: Thesis 2007/22/02 v1.0 LaTeX document class
(/usr/share/texlive/texmf-dist/tex/latex/base/book.cls
Document Class: book 2014/09/29 v1.4h Standard LaTeX document class
(/usr/share/texlive/texmf-dist/tex/latex/base/bk12.clo
File: bk12.clo 2014/09/29 v1.4h Standard LaTeX file (size option)
)
\c@part=\count79
\c@chapter=\count80
\c@section=\count81
\c@subsection=\count82
\c@subsubsection=\count83
\c@paragraph=\count84
\c@subparagraph=\count85
\c@figure=\count86
\c@table=\count87
\abovecaptionskip=\skip41
\belowcaptionskip=\skip42
\bibindent=\dimen102
)
(/usr/share/texlive/texmf-dist/tex/latex/setspace/setspace.sty
Package: setspace 2011/12/19 v6.7a set line spacing
)
(/usr/share/texlive/texmf-dist/tex/latex/vmargin/vmargin.sty
Package: vmargin 2004/07/15 V2.5 set document margins (VK)

Package: vmargin 2004/07/15 V2.5 set document margins (VK)
\PaperWidth=\dimen103
\PaperHeight=\dimen104
) (/usr/share/texlive/texmf-dist/tex/latex/fancyhdr/fancyhdr.sty
\fancy@headwidth=\skip43
\f@ncyO@elh=\skip44
\f@ncyO@erh=\skip45
\f@ncyO@olh=\skip46
\f@ncyO@orh=\skip47
\f@ncyO@elf=\skip48
\f@ncyO@erf=\skip49
\f@ncyO@olf=\skip50
\f@ncyO@orf=\skip51
)
(/usr/share/texlive/texmf-dist/tex/latex/amsmath/amsmath.sty
Package: amsmath 2016/03/03 v2.15a AMS math features
\@mathmargin=\skip52

For additional information on amsmath, use the `?' option.
(/usr/share/texlive/texmf-dist/tex/latex/amsmath/amstext.sty
Package: amstext 2000/06/29 v2.01 AMS text

(/usr/share/texlive/texmf-dist/tex/latex/amsmath/amsgen.sty
File: amsgen.sty 1999/11/30 v2.0 generic functions
\@emptytoks=\toks14
\ex@=\dimen105
))
(/usr/share/texlive/texmf-dist/tex/latex/amsmath/amsbsy.sty
Package: amsbsy 1999/11/29 v1.2d Bold Symbols
\pmbraise@=\dimen106
)
(/usr/share/texlive/texmf-dist/tex/latex/amsmath/amsopn.sty
Package: amsopn 1999/12/14 v2.01 operator names
)
\inf@bad=\count88
LaTeX Info: Redefining \frac on input line 199.
\uproot@=\count89
\leftroot@=\count90
LaTeX Info: Redefining \overline on input line 297.
\classnum@=\count91
\DOTSCASE@=\count92
LaTeX Info: Redefining \ldots on input line 394.
LaTeX Info: Redefining \dots on input line 397.
LaTeX Info: Redefining \cdots on input line 518.
\Mathstrutbox@=\box26
\strutbox@=\box27
\big@size=\dimen107
LaTeX Font Info:    Redeclaring font encoding OML on input line 630.
LaTeX Font Info:    Redeclaring font encoding OMS on input line 631.
\macc@depth=\count93
\c@MaxMatrixCols=\count94
\dotsspace@=\muskip11
\c@parentequation=\count95
\dspbrk@lvl=\count96
\tag@help=\toks15
\row@=\count97
\column@=\count98
\maxfields@=\count99
\andhelp@=\toks16
\eqnshift@=\dimen108
\alignsep@=\dimen109
\tagshift@=\dimen110
\tagwidth@=\dimen111
\totwidth@=\dimen112
\lineht@=\dimen113
\@envbody=\toks17
\multlinegap=\skip53
\multlinetaggap=\skip54
\mathdisplay@stack=\toks18
LaTeX Info: Redefining \[ on input line 2735.
LaTeX Info: Redefining \] on input line 2736.
)
(/usr/share/texlive/texmf-dist/tex/latex/amsfonts/amsfonts.sty
Package: amsfonts 2013/01/14 v3.01 Basic AMSFonts support
\symAMSa=\mathgroup4
\symAMSb=\mathgroup5
LaTeX Font Info:    Overwriting math alphabet `\mathfrak' in version `bold'
(Font)                  U/euf/m/n --> U/euf/b/n on input line 106.
)
(/usr/share/texlive/texmf-dist/tex/latex/amsfonts/amssymb.sty
Package: amssymb 2013/01/14 v3.01 AMS font symbols
)
(/usr/share/texlive/texmf-dist/tex/latex/amsmath/amscd.sty
Package: amscd 1999/11/29 v2.0 AMS Commutatitive Diagrams
\athelp@=\toks19
\minaw@=\dimen114
\bigaw@=\dimen115
\minCDarrowwidth=\dimen116
)
(/usr/share/texlive/texmf-dist/tex/latex/amscls/amsthm.sty
Package: amsthm 2015/03/04 v2.20.2
\thm@style=\toks20
\thm@bodyfont=\toks21
\thm@headfont=\toks22
\thm@notefont=\toks23
\thm@headpunct=\toks24
\thm@preskip=\skip55
\thm@postskip=\skip56
\thm@headsep=\skip57
\dth@everypar=\toks25
)
(/usr/share/texlive/texmf-dist/tex/latex/tools/xspace.sty
Package: xspace 2014/10/28 v1.13 Space after command names (DPC,MH)
)
\c@example=\count100
\c@theorem=\count101

(/usr/share/texlive/texmf-dist/tex/latex/caption/caption.sty
Package: caption 2016/02/21 v3.3-144 Customizing captions (AR)

(/usr/share/texlive/texmf-dist/tex/latex/caption/caption3.sty
Package: caption3 2016/02/04 v1.7-139 caption3 kernel (AR)
Package caption3 Info: TeX engine: e-TeX on input line 67.

(/usr/share/texlive/texmf-dist/tex/latex/graphics/keyval.sty
Package: keyval 2014/10/28 v1.15 key=value parser (DPC)
\KV@toks@=\toks26
)
\captionmargin=\dimen117
\captionmargin@=\dimen118
\captionwidth=\dimen119
\caption@tempdima=\dimen120
\caption@indent=\dimen121
\caption@parindent=\dimen122
\caption@hangindent=\dimen123
)
\c@ContinuedFloat=\count102
)
(/usr/share/texlive/texmf-dist/tex/latex/graphics/graphicx.sty
Package: graphicx 2014/10/28 v1.0g Enhanced LaTeX Graphics (DPC,SPQR)

(/usr/share/texlive/texmf-dist/tex/latex/graphics/graphics.sty
Package: graphics 2016/01/03 v1.0q Standard LaTeX Graphics (DPC,SPQR)

(/usr/share/texlive/texmf-dist/tex/latex/graphics/trig.sty
Package: trig 2016/01/03 v1.10 sin cos tan (DPC)
)
(/usr/share/texlive/texmf-dist/tex/latex/latexconfig/graphics.cfg
File: graphics.cfg 2010/04/23 v1.9 graphics configuration of TeX Live
)
Package graphics Info: Driver file: pdftex.def on input line 95.

(/usr/share/texlive/texmf-dist/tex/latex/pdftex-def/pdftex.def
File: pdftex.def 2011/05/27 v0.06d Graphics/color for pdfTeX

(/usr/share/texlive/texmf-dist/tex/generic/oberdiek/infwarerr.sty
Package: infwarerr 2010/04/08 v1.3 Providing info/warning/error messages (HO)
)
(/usr/share/texlive/texmf-dist/tex/generic/oberdiek/ltxcmds.sty
Package: ltxcmds 2011/11/09 v1.22 LaTeX kernel commands for general use (HO)
)
\Gread@gobject=\count103
))
\Gin@req@height=\dimen124
\Gin@req@width=\dimen125
)
(/usr/share/texlive/texmf-dist/tex/latex/oberdiek/epstopdf.sty
Package: epstopdf 2010/02/09 v2.5 Conversion with epstopdf on the fly (HO)

(/usr/share/texlive/texmf-dist/tex/latex/oberdiek/epstopdf-base.sty
Package: epstopdf-base 2010/02/09 v2.5 Base part for package epstopdf

(/usr/share/texlive/texmf-dist/tex/latex/oberdiek/grfext.sty
Package: grfext 2010/08/19 v1.1 Manage graphics extensions (HO)

(/usr/share/texlive/texmf-dist/tex/generic/oberdiek/kvdefinekeys.sty
Package: kvdefinekeys 2011/04/07 v1.3 Define keys (HO)
))
(/usr/share/texlive/texmf-dist/tex/latex/oberdiek/kvoptions.sty
Package: kvoptions 2011/06/30 v3.11 Key value format for package options (HO)

(/usr/share/texlive/texmf-dist/tex/generic/oberdiek/kvsetkeys.sty
Package: kvsetkeys 2012/04/25 v1.16 Key value parser (HO)

(/usr/share/texlive/texmf-dist/tex/generic/oberdiek/etexcmds.sty
Package: etexcmds 2011/02/16 v1.5 Avoid name clashes with e-TeX commands (HO)

(/usr/share/texlive/texmf-dist/tex/generic/oberdiek/ifluatex.sty
Package: ifluatex 2010/03/01 v1.3 Provides the ifluatex switch (HO)
Package ifluatex Info: LuaTeX not detected.
)
Package etexcmds Info: Could not find \expanded.
(etexcmds)             That can mean that you are not using pdfTeX 1.50 or
(etexcmds)             that some package has redefined \expanded.
(etexcmds)             In the latter case, load this package earlier.
)))
(/usr/share/texlive/texmf-dist/tex/generic/oberdiek/pdftexcmds.sty
Package: pdftexcmds 2011/11/29 v0.20 Utility functions of pdfTeX for LuaTeX (HO
)

(/usr/share/texlive/texmf-dist/tex/generic/oberdiek/ifpdf.sty
Package: ifpdf 2011/01/30 v2.3 Provides the ifpdf switch (HO)
Package ifpdf Info: pdfTeX in PDF mode is detected.
)
Package pdftexcmds Info: LuaTeX not detected.
Package pdftexcmds Info: \pdf@primitive is available.
Package pdftexcmds Info: \pdf@ifprimitive is available.
Package pdftexcmds Info: \pdfdraftmode found.
)
Package grfext Info: Graphics extension search list:
(grfext)             [.png,.pdf,.jpg,.mps,.jpeg,.jbig2,.jb2,.PNG,.PDF,.JPG,.JPE
G,.JBIG2,.JB2,.eps]
(grfext)             \AppendGraphicsExtensions on input line 452.

(/usr/share/texlive/texmf-dist/tex/latex/latexconfig/epstopdf-sys.cfg
File: epstopdf-sys.cfg 2010/07/13 v1.3 Configuration of (r)epstopdf for TeX Liv
e
)))
(/usr/share/texlive/texmf-dist/tex/latex/subfigure/subfigure.sty
Package: subfigure 2002/03/15 v2.1.5 subfigure package
\subfigtopskip=\skip58
\subfigcapskip=\skip59
\subfigcaptopadj=\dimen126
\subfigbottomskip=\skip60
\subfigcapmargin=\dimen127
\subfiglabelskip=\skip61
\c@subfigure=\count104
\c@lofdepth=\count105
\c@subtable=\count106
\c@lotdepth=\count107

****************************************
* Local config file subfigure.cfg used *
****************************************
(/usr/share/texlive/texmf-dist/tex/latex/subfigure/subfigure.cfg)
\subfig@top=\skip62
\subfig@bottom=\skip63
)
(/usr/share/texlive/texmf-dist/tex/latex/booktabs/booktabs.sty
Package: booktabs 2005/04/14 v1.61803 publication quality tables
\heavyrulewidth=\dimen128
\lightrulewidth=\dimen129
\cmidrulewidth=\dimen130
\belowrulesep=\dimen131
\belowbottomsep=\dimen132
\aboverulesep=\dimen133
\abovetopsep=\dimen134
\cmidrulesep=\dimen135
\cmidrulekern=\dimen136
\defaultaddspace=\dimen137
\@cmidla=\count108
\@cmidlb=\count109
\@aboverulesep=\dimen138
\@belowrulesep=\dimen139
\@thisruleclass=\count110
\@lastruleclass=\count111
\@thisrulewidth=\dimen140
)
(/usr/share/texlive/texmf-dist/tex/latex/rotating/rotating.sty
Package: rotating 2009/03/28 v2.16a rotated objects in LaTeX

(/usr/share/texlive/texmf-dist/tex/latex/base/ifthen.sty
Package: ifthen 2014/09/29 v1.1c Standard LaTeX ifthen package (DPC)
)
\c@r@tfl@t=\count112
\rotFPtop=\skip64
\rotFPbot=\skip65
\rot@float@box=\box28
\rot@mess@toks=\toks27
)
(/usr/share/texlive/texmf-dist/tex/latex/listings/listings.sty
\lst@mode=\count113
\lst@gtempboxa=\box29
\lst@token=\toks28
\lst@length=\count114
\lst@currlwidth=\dimen141
\lst@column=\count115
\lst@pos=\count116
\lst@lostspace=\dimen142
\lst@width=\dimen143
\lst@newlines=\count117
\lst@lineno=\count118
\lst@maxwidth=\dimen144

(/home/adam/Documents/VRproj/VRproj-U/Report/lstpatch.sty

***
*** This is a patch for listings 1.3, but you're using
*** version 1.6.
***
*** Patch file not loaded.
***

) (/usr/share/texlive/texmf-dist/tex/latex/listings/lstmisc.sty
File: lstmisc.sty 2015/06/04 1.6 (Carsten Heinz)
\c@lstnumber=\count119
\lst@skipnumbers=\count120
\lst@framebox=\box30
)
(/usr/share/texlive/texmf-dist/tex/latex/listings/listings.cfg
File: listings.cfg 2015/06/04 1.6 listings configuration
))
Package: listings 2015/06/04 1.6 (Carsten Heinz)

(/home/adam/Documents/VRproj/VRproj-U/Report/lstpatch.sty

***
*** This is a patch for listings 1.3, but you're using
*** version 1.6.
***
 *** Patch file not loaded.
***

) (/usr/share/texlive/texmf-dist/tex/latex/hyperref/hyperref.sty
Package: hyperref 2012/11/06 v6.83m Hypertext links for LaTeX

(/usr/share/texlive/texmf-dist/tex/generic/oberdiek/hobsub-hyperref.sty
Package: hobsub-hyperref 2012/05/28 v1.13 Bundle oberdiek, subset hyperref (HO)


(/usr/share/texlive/texmf-dist/tex/generic/oberdiek/hobsub-generic.sty
Package: hobsub-generic 2012/05/28 v1.13 Bundle oberdiek, subset generic (HO)
Package: hobsub 2012/05/28 v1.13 Construct package bundles (HO)
Package hobsub Info: Skipping package `infwarerr' (already loaded).
Package hobsub Info: Skipping package `ltxcmds' (already loaded).
Package hobsub Info: Skipping package `ifluatex' (already loaded).
Package: ifvtex 2010/03/01 v1.5 Detect VTeX and its facilities (HO)
Package ifvtex Info: VTeX not detected.
Package: intcalc 2007/09/27 v1.1 Expandable calculations with integers (HO)
Package hobsub Info: Skipping package `ifpdf' (already loaded).
Package hobsub Info: Skipping package `etexcmds' (already loaded).
Package hobsub Info: Skipping package `kvsetkeys' (already loaded).
Package hobsub Info: Skipping package `kvdefinekeys' (already loaded).
Package hobsub Info: Skipping package `pdftexcmds' (already loaded).
Package: pdfescape 2011/11/25 v1.13 Implements pdfTeX's escape features (HO)
Package: bigintcalc 2012/04/08 v1.3 Expandable calculations on big integers (HO
)
Package: bitset 2011/01/30 v1.1 Handle bit-vector datatype (HO)
Package: uniquecounter 2011/01/30 v1.2 Provide unlimited unique counter (HO)
)
Package hobsub Info: Skipping package `hobsub' (already loaded).
Package: letltxmacro 2010/09/02 v1.4 Let assignment for LaTeX macros (HO)
Package: hopatch 2012/05/28 v1.2 Wrapper for package hooks (HO)
Package: xcolor-patch 2011/01/30 xcolor patch
Package: atveryend 2011/06/30 v1.8 Hooks at the very end of document (HO)
Package atveryend Info: \enddocument detected (standard20110627).
Package: atbegshi 2011/10/05 v1.16 At begin shipout hook (HO)
Package: refcount 2011/10/16 v3.4 Data extraction from label references (HO)
Package: hycolor 2011/01/30 v1.7 Color options for hyperref/bookmark (HO)
)
(/usr/share/texlive/texmf-dist/tex/generic/ifxetex/ifxetex.sty
Package: ifxetex 2010/09/12 v0.6 Provides ifxetex conditional
)
(/usr/share/texlive/texmf-dist/tex/latex/oberdiek/auxhook.sty
Package: auxhook 2011/03/04 v1.3 Hooks for auxiliary files (HO)
)
\@linkdim=\dimen145
\Hy@linkcounter=\count121
\Hy@pagecounter=\count122

(/usr/share/texlive/texmf-dist/tex/latex/hyperref/pd1enc.def
File: pd1enc.def 2012/11/06 v6.83m Hyperref: PDFDocEncoding definition (HO)
)
\Hy@SavedSpaceFactor=\count123

(/usr/share/texlive/texmf-dist/tex/latex/latexconfig/hyperref.cfg
File: hyperref.cfg 2002/06/06 v1.2 hyperref configuration of TeXLive
)
Package hyperref Info: Option `bookmarks' set `true' on input line 4319.
Package hyperref Info: Option `bookmarksopen' set `true' on input line 4319.
Package hyperref Info: Option `bookmarksnumbered' set `true' on input line 4319
.
Package hyperref Info: Option `hypertexnames' set `false' on input line 4319.
Package hyperref Info: Option `colorlinks' set `true' on input line 4319.
Package hyperref Info: Option `unicode' set `true' on input line 4319.

(/usr/share/texlive/texmf-dist/tex/latex/hyperref/puenc.def
File: puenc.def 2012/11/06 v6.83m Hyperref: PDF Unicode definition (HO)
)
Package hyperref Info: Option `breaklinks' set `true' on input line 4319.
Package hyperref Info: Hyper figures OFF on input line 4443.
Package hyperref Info: Link nesting OFF on input line 4448.
Package hyperref Info: Hyper index ON on input line 4451.
Package hyperref Info: Plain pages OFF on input line 4458.
Package hyperref Info: Backreferencing OFF on input line 4463.
Package hyperref Info: Implicit mode ON; LaTeX internals redefined.
Package hyperref Info: Bookmarks ON on input line 4688.
\c@Hy@tempcnt=\count124
LaTeX Info: Redefining \url on input line 5041.
\XeTeXLinkMargin=\dimen146
\Fld@menulength=\count125
\Field@Width=\dimen147
\Fld@charsize=\dimen148
Package hyperref Info: Hyper figures OFF on input line 6295.
Package hyperref Info: Link nesting OFF on input line 6300.
Package hyperref Info: Hyper index ON on input line 6303.
Package hyperref Info: backreferencing OFF on input line 6310.
Package hyperref Info: Link coloring ON on input line 6313.
Package hyperref Info: Link coloring with OCG OFF on input line 6320.
Package hyperref Info: PDF/A mode OFF on input line 6325.
LaTeX Info: Redefining \ref on input line 6365.
LaTeX Info: Redefining \pageref on input line 6369.
\Hy@abspage=\count126
\c@Item=\count127
\c@Hfootnote=\count128
)

Package hyperref Message: Driver (autodetected): hpdftex.

(/usr/share/texlive/texmf-dist/tex/latex/hyperref/hpdftex.def
File: hpdftex.def 2012/11/06 v6.83m Hyperref driver for pdfTeX
\Fld@listcount=\count129
\c@bookmark@seq@number=\count130

(/usr/share/texlive/texmf-dist/tex/latex/oberdiek/rerunfilecheck.sty
Package: rerunfilecheck 2011/04/15 v1.7 Rerun checks for auxiliary files (HO)
Package uniquecounter Info: New unique counter `rerunfilecheck' on input line 2
82.
)
\Hy@SectionHShift=\skip66
)
\c@dummy=\count131

(/usr/share/texlive/texmf-dist/tex/latex/tools/longtable.sty
Package: longtable 2014/10/28 v4.11 Multi-page Table package (DPC)
\LTleft=\skip67
\LTright=\skip68
\LTpre=\skip69
\LTpost=\skip70
\LTchunksize=\count132
\LTcapwidth=\dimen149
\LT@head=\box31
\LT@firsthead=\box32
\LT@foot=\box33
\LT@lastfoot=\box34
\LT@cols=\count133
\LT@rows=\count134
\c@LT@tables=\count135
\c@LT@chunks=\count136
\LT@p@ftn=\toks29
))
(/usr/share/texlive/texmf-dist/tex/latex/natbib/natbib.sty
Package: natbib 2010/09/13 8.31b (PWD, AO)
\bibhang=\skip71
\bibsep=\skip72
LaTeX Info: Redefining \cite on input line 694.
\c@NAT@ctr=\count137
)
(/usr/share/texlive/texmf-dist/tex/latex/tools/verbatim.sty
Package: verbatim 2014/10/28 v1.5q LaTeX2e package for verbatim enhancements
\every@verbatim=\toks30
\verbatim@line=\toks31
\verbatim@in@stream=\read1
)
(/home/adam/Documents/VRproj/VRproj-U/Report/vector.sty
Package: vector 1994/09/16 v1.0 vector macros for LaTeX2e (nde)

(/usr/share/texlive/texmf-dist/tex/latex/tools/calc.sty
Package: calc 2014/10/28 v4.3 Infix arithmetic (KKT,FJ)
\calc@Acount=\count138
\calc@Bcount=\count139
\calc@Adimen=\dimen150
\calc@Bdimen=\dimen151
\calc@Askip=\skip73
\calc@Bskip=\skip74
LaTeX Info: Redefining \setlength on input line 80.
LaTeX Info: Redefining \addtolength on input line 81.
\calc@Ccount=\count140
\calc@Cskip=\skip75
)
\c@vec@elem=\count141
)
Package hyperref Info: Option `colorlinks' set `true' on input line 15.

(/usr/share/texlive/texmf-dist/tex/latex/float/float.sty
Package: float 2001/11/08 v1.3d Float enhancements (AL)
\c@float@type=\count142
\float@exts=\toks32
\float@box=\box35
\@float@everytoks=\toks33
\@floatcapt=\box36
)
(/usr/share/texlive/texmf-dist/tex/latex/graphics/lscape.sty
Package: lscape 2000/10/22 v3.01 Landscape Pages (DPC)
)
(/usr/share/texlive/texmf-dist/tex/latex/multirow/multirow.sty
\bigstrutjot=\dimen152
)
(/home/adam/Documents/VRproj/VRproj-U/Report/Thesis.aux)
\openout1 = `Thesis.aux'.

LaTeX Font Info:    Checking defaults for OML/cmm/m/it on input line 26.
LaTeX Font Info:    ... okay on input line 26.
LaTeX Font Info:    Checking defaults for T1/cmr/m/n on input line 26.
LaTeX Font Info:    ... okay on input line 26.
LaTeX Font Info:    Checking defaults for OT1/cmr/m/n on input line 26.
LaTeX Font Info:    ... okay on input line 26.
LaTeX Font Info:    Checking defaults for OMS/cmsy/m/n on input line 26.
LaTeX Font Info:    ... okay on input line 26.
LaTeX Font Info:    Checking defaults for OMX/cmex/m/n on input line 26.
LaTeX Font Info:    ... okay on input line 26.
LaTeX Font Info:    Checking defaults for U/cmr/m/n on input line 26.
LaTeX Font Info:    ... okay on input line 26.
LaTeX Font Info:    Checking defaults for PD1/pdf/m/n on input line 26.
LaTeX Font Info:    ... okay on input line 26.
LaTeX Font Info:    Checking defaults for PU/pdf/m/n on input line 26.
LaTeX Font Info:    ... okay on input line 26.
Package caption Info: Begin \AtBeginDocument code.
Package caption Info: float package is loaded.
Package caption Info: hyperref package is loaded.
Package caption Info: listings package is loaded.
Package caption Info: longtable package is loaded.

(/usr/share/texlive/texmf-dist/tex/latex/caption/ltcaption.sty
Package: ltcaption 2013/06/09 v1.4-94 longtable captions (AR)
)
Package caption Info: rotating package is loaded.
Package caption Info: subfigure package is loaded.
Package caption Info: End \AtBeginDocument code.

(/usr/share/texlive/texmf-dist/tex/context/base/supp-pdf.mkii
[Loading MPS to PDF converter (version 2006.09.02).]
\scratchcounter=\count143
\scratchdimen=\dimen153
\scratchbox=\box37
\nofMPsegments=\count144
\nofMParguments=\count145
\everyMPshowfont=\toks34
\MPscratchCnt=\count146
\MPscratchDim=\dimen154
\MPnumerator=\count147
\makeMPintoPDFobject=\count148
\everyMPtoPDFconversion=\toks35
)
\c@lstlisting=\count149
\AtBeginShipoutBox=\box38
 (/usr/share/texlive/texmf-dist/tex/latex/graphics/color.sty
Package: color 2016/01/03 v1.1b Standard LaTeX Color (DPC)

(/usr/share/texlive/texmf-dist/tex/latex/latexconfig/color.cfg
File: color.cfg 2007/01/18 v1.5 color configuration of teTeX/TeXLive
)
Package color Info: Driver file: pdftex.def on input line 143.
)
Package hyperref Info: Link coloring ON on input line 26.

(/usr/share/texlive/texmf-dist/tex/latex/hyperref/nameref.sty
Package: nameref 2012/10/27 v2.43 Cross-referencing by name of section

(/usr/share/texlive/texmf-dist/tex/generic/oberdiek/gettitlestring.sty
Package: gettitlestring 2010/12/03 v1.4 Cleanup title references (HO)
)
\c@section@level=\count150
)
LaTeX Info: Redefining \ref on input line 26.
LaTeX Info: Redefining \pageref on input line 26.
LaTeX Info: Redefining \nameref on input line 26.

(/home/adam/Documents/VRproj/VRproj-U/Report/Thesis.out)
(/home/adam/Documents/VRproj/VRproj-U/Report/Thesis.out)
\@outlinefile=\write3
\openout3 = `Thesis.out'.


------------------------------------------------------------------------------
 Title Page
------------------------------------------------------------------------------
[1



{/var/lib/texmf/fonts/map/pdftex/updmap/pdftex.map}] [2

]
------------------------------------------------------------------------------
 Abstract Page
------------------------------------------------------------------------------
[3]
------------------------------------------------------------------------------
 Table of Contents
------------------------------------------------------------------------------
[4


] (/home/adam/Documents/VRproj/VRproj-U/Report/Thesis.toc
LaTeX Font Info:    Try loading font information for U+msa on input line 3.

(/usr/share/texlive/texmf-dist/tex/latex/amsfonts/umsa.fd
File: umsa.fd 2013/01/14 v3.01 AMS symbols A
)
LaTeX Font Info:    Try loading font information for U+msb on input line 3.

(/usr/share/texlive/texmf-dist/tex/latex/amsfonts/umsb.fd
File: umsb.fd 2013/01/14 v3.01 AMS symbols B
) [5])
\tf@toc=\write4
\openout4 = `Thesis.toc'.

 [6]
------------------------------------------------------------------------------
 List of Figures
------------------------------------------------------------------------------
(/home/adam/Documents/VRproj/VRproj-U/Report/Thesis.lof [7


])
\tf@lof=\write5
\openout5 = `Thesis.lof'.

 [8]
------------------------------------------------------------------------------
 Acknowledgements
------------------------------------------------------------------------------
[9

] [10


] (/home/adam/Documents/VRproj/VRproj-U/Report/Chapters/Intro.tex
Chapter 1.
------------------------------------------------------------------------------
 1 Introduction
------------------------------------------------------------------------------
[1

] <Figures/Outline.jpg, id=357, 847.165pt x 696.6025pt>
File: Figures/Outline.jpg Graphic file (type jpg)

<use Figures/Outline.jpg>
Package pdftex.def Info: Figures/Outline.jpg used on input line 15.
(pdftex.def)             Requested size: 301.19244pt x 247.66232pt.
 [2]
<Figures/marvin.jpg, id=372, 5331.92pt x 2999.205pt>
File: Figures/marvin.jpg Graphic file (type jpg)
 <use Figures/marvin.jpg>
Package pdftex.def Info: Figures/marvin.jpg used on input line 26.
(pdftex.def)             Requested size: 279.67729pt x 157.29129pt.

<Figures/marvinF.jpg, id=373, 5331.92pt x 2999.205pt>
File: Figures/marvinF.jpg Graphic file (type jpg)

<use Figures/marvinF.jpg>
Package pdftex.def Info: Figures/marvinF.jpg used on input line 27.
(pdftex.def)             Requested size: 279.67729pt x 157.29129pt.

<Figures/marvinS.jpg, id=374, 5331.92pt x 2999.205pt>
File: Figures/marvinS.jpg Graphic file (type jpg)

<use Figures/marvinS.jpg>
Package pdftex.def Info: Figures/marvinS.jpg used on input line 28.
(pdftex.def)             Requested size: 279.67729pt x 157.29129pt.

<Figures/marvinT.jpg, id=375, 5331.92pt x 2999.205pt>
File: Figures/marvinT.jpg Graphic file (type jpg)

<use Figures/marvinT.jpg>
Package pdftex.def Info: Figures/marvinT.jpg used on input line 29.
(pdftex.def)             Requested size: 279.67729pt x 157.29129pt.
) [3 </home/adam/Documents/VRproj/VRproj-U/Report/Figures/Outline.jpg>]
Overfull \vbox (38.80688pt too high) has occurred while \output is active []


[4 </home/adam/Documents/VRproj/VRproj-U/Report/Figures/marvin.jpg> </home/adam
/Documents/VRproj/VRproj-U/Report/Figures/marvinF.jpg> </home/adam/Documents/VR
proj/VRproj-U/Report/Figures/marvinS.jpg> </home/adam/Documents/VRproj/VRproj-U
/Report/Figures/marvinT.jpg>]
(/home/adam/Documents/VRproj/VRproj-U/Report/Chapters/Background.tex
Chapter 2.
------------------------------------------------------------------------------
 2 Background
------------------------------------------------------------------------------
<Figures/vive.png, id=394, 953.5625pt x 652.4375pt>
File: Figures/vive.png Graphic file (type png)
 <use Figures/vive.png>
Package pdftex.def Info: Figures/vive.png used on input line 11.
(pdftex.def)             Requested size: 172.1081pt x 117.75224pt.

<Figures/vive2.png, id=395, 953.5625pt x 652.4375pt>
File: Figures/vive2.png Graphic file (type png)
 <use Figures/vive2.png>
Package pdftex.def Info: Figures/vive2.png used on input line 12.
(pdftex.def)             Requested size: 172.1081pt x 117.75224pt.

[5

 </home/adam/Documents/VRproj/VRproj-U/Report/Figures/vive.png> </home/adam/Doc
uments/VRproj/VRproj-U/Report/Figures/vive2.png>] [6]
<Figures/homun.png, id=427, 625.33624pt x 466.74374pt>
File: Figures/homun.png Graphic file (type png)
 <use Figures/homun.png>
Package pdftex.def Info: Figures/homun.png used on input line 39.
(pdftex.def)             Requested size: 193.62325pt x 144.51813pt.

<Figures/lidar.png, id=428, 1103.12125pt x 718.685pt>
File: Figures/lidar.png Graphic file (type png)
 <use Figures/lidar.png>
Package pdftex.def Info: Figures/lidar.png used on input line 40.
(pdftex.def)             Requested size: 215.1384pt x 140.15945pt.

Overfull \hbox (2.48483pt too wide) in paragraph at lines 38--42
 [] 
 []

[7 </home/adam/Documents/VRproj/VRproj-U/Report/Figures/homun.png> </home/adam/
Documents/VRproj/VRproj-U/Report/Figures/lidar.png>]
<Figures/abstraction3rdyear.png, id=439, 363.3575pt x 162.6075pt>
File: Figures/abstraction3rdyear.png Graphic file (type png)

<use Figures/abstraction3rdyear.png>
Package pdftex.def Info: Figures/abstraction3rdyear.png used on input line 58.
(pdftex.def)             Requested size: 258.1687pt x 115.53648pt.
 [8 </home/adam/Documents/VRproj/VRproj-U/Report/Figures/abstraction3rdyear.png
>]
<Figures/Pseudorandom_sequence_2D.png, id=451, 290.08376pt x 290.08376pt>
File: Figures/Pseudorandom_sequence_2D.png Graphic file (type png)

<use Figures/Pseudorandom_sequence_2D.png>
Package pdftex.def Info: Figures/Pseudorandom_sequence_2D.png used on input lin
e 72.
(pdftex.def)             Requested size: 141.99213pt x 141.99178pt.

<Figures/Sobol_sequence_2D.png, id=452, 290.08376pt x 290.08376pt>
File: Figures/Sobol_sequence_2D.png Graphic file (type png)

<use Figures/Sobol_sequence_2D.png>
Package pdftex.def Info: Figures/Sobol_sequence_2D.png used on input line 73.
(pdftex.def)             Requested size: 141.99213pt x 141.99178pt.
 [9 </home/adam/Documents/VRproj/VRproj-U/Report/Figures/Pseudorandom_sequence_
2D.png> </home/adam/Documents/VRproj/VRproj-U/Report/Figures/Sobol_sequence_2D.
png>]
<Figures/canny2.png, id=472, 446.66875pt x 136.51pt>
File: Figures/canny2.png Graphic file (type png)
 <use Figures/canny2.png>
Package pdftex.def Info: Figures/canny2.png used on input line 89.
(pdftex.def)             Requested size: 387.24649pt x 118.35239pt.

<Figures/blox.jpg, id=477, 256.96pt x 256.96pt>
File: Figures/blox.jpg Graphic file (type jpg)
 <use Figures/blox.jpg>
Package pdftex.def Info: Figures/blox.jpg used on input line 102.
(pdftex.def)             Requested size: 150.5995pt x 150.60133pt.

<Figures/bloxFilled.jpg, id=478, 256.96pt x 256.96pt>
File: Figures/bloxFilled.jpg Graphic file (type jpg)

<use Figures/bloxFilled.jpg>
Package pdftex.def Info: Figures/bloxFilled.jpg used on input line 103.
(pdftex.def)             Requested size: 150.5995pt x 150.60133pt.
 [10 </home/adam/Documents/VRproj/VRproj-U/Report/Figures/canny2.png>] <Figures
/depthmap.png, id=494, 513.92pt x 513.92pt>
File: Figures/depthmap.png Graphic file (type png)

<use Figures/depthmap.png>
Package pdftex.def Info: Figures/depthmap.png used on input line 117.
(pdftex.def)             Requested size: 344.22275pt x 344.2305pt.
) [11 </home/adam/Documents/VRproj/VRproj-U/Report/Figures/blox.jpg> </home/ada
m/Documents/VRproj/VRproj-U/Report/Figures/bloxFilled.jpg>] (/home/adam/Documen
ts/VRproj/VRproj-U/Report/Chapters/Overview.tex
[12 </home/adam/Documents/VRproj/VRproj-U/Report/Figures/depthmap.png>]
Chapter 3.
------------------------------------------------------------------------------
 3 System Overview
------------------------------------------------------------------------------
<Figures/System.jpg, id=513, 634.37pt x 666.49pt>
File: Figures/System.jpg Graphic file (type jpg)
 <use Figures/System.jpg>
Package pdftex.def Info: Figures/System.jpg used on input line 11.
(pdftex.def)             Requested size: 344.22275pt x 361.65862pt.
)
[13

] (/home/adam/Documents/VRproj/VRproj-U/Report/Chapters/Abstraction.tex
[14 </home/adam/Documents/VRproj/VRproj-U/Report/Figures/System.jpg>]
Chapter 4.
------------------------------------------------------------------------------
 4 Abstraction Algorithm Development
------------------------------------------------------------------------------
<Figures/Abstraction.jpg, id=527, 1529.715pt x 3075.49pt>
File: Figures/Abstraction.jpg Graphic file (type jpg)

<use Figures/Abstraction.jpg>
Package pdftex.def Info: Figures/Abstraction.jpg used on input line 9.
(pdftex.def)             Requested size: 322.7076pt x 648.78151pt.
 [15

]
Overfull \vbox (63.003pt too high) has occurred while \output is active []


[16 </home/adam/Documents/VRproj/VRproj-U/Report/Figures/Abstraction.jpg>]
Overfull \hbox (6.22699pt too wide) in paragraph at lines 19--20
\OT1/cmr/m/n/12 Canny edge de-tec-tion was im-ple-mented us-ing the Canny func-
tion pro-vided by OpenCV
 []

[17] <Figures/FPSComp.png, id=551, 511.9125pt x 316.18124pt>
File: Figures/FPSComp.png Graphic file (type png)

<use Figures/FPSComp.png>
Package pdftex.def Info: Figures/FPSComp.png used on input line 35.
(pdftex.def)             Requested size: 301.19244pt x 186.02908pt.
 [18] <Figures/Brute.jpg, id=557, 851.18pt x 481.8pt>
File: Figures/Brute.jpg Graphic file (type jpg)

<use Figures/Brute.jpg>
Package pdftex.def Info: Figures/Brute.jpg used on input line 44.
(pdftex.def)             Requested size: 193.62325pt x 109.59863pt.
 <Figures/Sobol.jpg, id=558, 851.18pt x 481.8pt>
File: Figures/Sobol.jpg Graphic file (type jpg)

<use Figures/Sobol.jpg>
Package pdftex.def Info: Figures/Sobol.jpg used on input line 45.
(pdftex.def)             Requested size: 193.62325pt x 109.59863pt.
 [19 </home/adam/Documents/VRproj/VRproj-U/Report/Figures/FPSComp.png (PNG copy
)> </home/adam/Documents/VRproj/VRproj-U/Report/Figures/Brute.jpg> </home/adam/
Documents/VRproj/VRproj-U/Report/Figures/Sobol.jpg>]
<Figures/ColourConsistency.png, id=565, 1067.99pt x 318.18875pt>
File: Figures/ColourConsistency.png Graphic file (type png)

<use Figures/ColourConsistency.png>
Package pdftex.def Info: Figures/ColourConsistency.png used on input line 64.
(pdftex.def)             Requested size: 430.27681pt x 128.19086pt.
) [20]
(/home/adam/Documents/VRproj/VRproj-U/Report/Chapters/Rover.tex [21 </home/adam
/Documents/VRproj/VRproj-U/Report/Figures/ColourConsistency.png>] [22

]
Chapter 5.
------------------------------------------------------------------------------
 5 Rover Implementation
------------------------------------------------------------------------------
<Figures/RoverAbove.jpg, id=584, 1118.1775pt x 758.835pt>
File: Figures/RoverAbove.jpg Graphic file (type jpg)

<use Figures/RoverAbove.jpg>
Package pdftex.def Info: Figures/RoverAbove.jpg used on input line 10.
(pdftex.def)             Requested size: 387.24649pt x 262.79414pt.

<Figures/RoverInternals.jpg, id=585, 1144.275pt x 766.865pt>
File: Figures/RoverInternals.jpg Graphic file (type jpg)

<use Figures/RoverInternals.jpg>
Package pdftex.def Info: Figures/RoverInternals.jpg used on input line 11.
(pdftex.def)             Requested size: 387.24649pt x 259.5254pt.
 [23]
<Figures/hardware.png, id=591, 583.17876pt x 482.80376pt>
File: Figures/hardware.png Graphic file (type png)

<use Figures/hardware.png>
Package pdftex.def Info: Figures/hardware.png used on input line 20.
(pdftex.def)             Requested size: 387.24649pt x 320.60371pt.
 [24 </home/adam/Documents/VRproj/VRproj-U/Report/Figures/RoverAbove.jpg> </hom
e/adam/Documents/VRproj/VRproj-U/Report/Figures/RoverInternals.jpg>] [25 </home
/adam/Documents/VRproj/VRproj-U/Report/Figures/hardware.png>] <Figures/GimbleLa
bel.jpg, id=604, 1328.965pt x 714.67pt>
File: Figures/GimbleLabel.jpg Graphic file (type jpg)

<use Figures/GimbleLabel.jpg>
Package pdftex.def Info: Figures/GimbleLabel.jpg used on input line 36.
(pdftex.def)             Requested size: 387.24649pt x 208.24133pt.
 [26] [27 </home/adam/Documents/VRproj/VRproj-U/Report/Figures/GimbleLabel.jpg>
]
<Figures/Threads.png, id=620, 586.19pt x 468.75125pt>
File: Figures/Threads.png Graphic file (type png)

<use Figures/Threads.png>
Package pdftex.def Info: Figures/Threads.png used on input line 53.
(pdftex.def)             Requested size: 387.24649pt x 309.66287pt.
 [28] [29 </home/adam/Documents/VRproj/VRproj-U/Report/Figures/Threads.png>]
LaTeX Font Info:    Try loading font information for OML+cmr on input line 63.
 (/usr/share/texlive/texmf-dist/tex/latex/base/omlcmr.fd
File: omlcmr.fd 2014/09/29 v2.5h Standard LaTeX font definitions
)
LaTeX Font Info:    Font shape `OML/cmr/m/n' in size <12> not available
(Font)              Font shape `OML/cmm/m/it' tried instead on input line 63.
<Figures/compression.png, id=636, 560.0925pt x 366.36874pt>
File: Figures/compression.png Graphic file (type png)

<use Figures/compression.png>
Package pdftex.def Info: Figures/compression.png used on input line 67.
(pdftex.def)             Requested size: 301.19244pt x 197.02557pt.
 [30]
<Figures/abstractcompL.jpg, id=646, 642.4pt x 481.8pt>
File: Figures/abstractcompL.jpg Graphic file (type jpg)

<use Figures/abstractcompL.jpg>
Package pdftex.def Info: Figures/abstractcompL.jpg used on input line 78.
(pdftex.def)             Requested size: 193.62325pt x 145.21745pt.

<Figures/abstractcompR.jpg, id=647, 321.2pt x 240.9pt>
File: Figures/abstractcompR.jpg Graphic file (type jpg)

<use Figures/abstractcompR.jpg>
Package pdftex.def Info: Figures/abstractcompR.jpg used on input line 79.
(pdftex.def)             Requested size: 193.62325pt x 145.22113pt.
 [31 </home/adam/Documents/VRproj/VRproj-U/Report/Figures/compression.png (PNG 
copy)>] [32 </home/adam/Documents/VRproj/VRproj-U/Report/Figures/abstractcompL.
jpg> </home/adam/Documents/VRproj/VRproj-U/Report/Figures/abstractcompR.jpg>] [
33])
(/home/adam/Documents/VRproj/VRproj-U/Report/Chapters/Server.tex [34]
Chapter 6.
------------------------------------------------------------------------------
 6 Server-Side Implementation
------------------------------------------------------------------------------
<Figures/Unreal.png, id=676, 447.6725pt x 422.57875pt>
File: Figures/Unreal.png Graphic file (type png)

<use Figures/Unreal.png>
Package pdftex.def Info: Figures/Unreal.png used on input line 9.
(pdftex.def)             Requested size: 301.19244pt x 284.31273pt.
 [35

]
<Figures/prerectL.jpg, id=685, 321.2pt x 240.9pt>
File: Figures/prerectL.jpg Graphic file (type jpg)
 <use Figures/prerectL.jpg>
Package pdftex.def Info: Figures/prerectL.jpg used on input line 23.
(pdftex.def)             Requested size: 193.62325pt x 145.22113pt.

<Figures/prerectR.jpg, id=686, 321.2pt x 240.9pt>
File: Figures/prerectR.jpg Graphic file (type jpg)
 <use Figures/prerectR.jpg>
Package pdftex.def Info: Figures/prerectR.jpg used on input line 24.
(pdftex.def)             Requested size: 193.62325pt x 145.22113pt.

<Figures/postrectL.jpg, id=687, 321.2pt x 240.9pt>
File: Figures/postrectL.jpg Graphic file (type jpg)
 <use Figures/postrectL.jpg>
Package pdftex.def Info: Figures/postrectL.jpg used on input line 25.
(pdftex.def)             Requested size: 193.62325pt x 145.22113pt.

<Figures/postrectR.jpg, id=688, 321.2pt x 240.9pt>
File: Figures/postrectR.jpg Graphic file (type jpg)
 <use Figures/postrectR.jpg>
Package pdftex.def Info: Figures/postrectR.jpg used on input line 26.
(pdftex.def)             Requested size: 193.62325pt x 145.22113pt.

[36 </home/adam/Documents/VRproj/VRproj-U/Report/Figures/Unreal.png>]
<Figures/depthspeed.png, id=698, 467.7475pt x 289.08pt>
File: Figures/depthspeed.png Graphic file (type png)

<use Figures/depthspeed.png>
Package pdftex.def Info: Figures/depthspeed.png used on input line 37.
(pdftex.def)             Requested size: 301.19244pt x 186.153pt.
 [37 </home/adam/Documents/VRproj/VRproj-U/Report/Figures/prerectL.jpg> </home/
adam/Documents/VRproj/VRproj-U/Report/Figures/prerectR.jpg> </home/adam/Documen
ts/VRproj/VRproj-U/Report/Figures/postrectL.jpg> </home/adam/Documents/VRproj/V
Rproj-U/Report/Figures/postrectR.jpg>]
<Figures/BMout.jpg, id=706, 321.2pt x 240.9pt>
File: Figures/BMout.jpg Graphic file (type jpg)
 <use Figures/BMout.jpg>
Package pdftex.def Info: Figures/BMout.jpg used on input line 48.
(pdftex.def)             Requested size: 193.62325pt x 145.22113pt.

<Figures/sgbmout.jpg, id=707, 325.215pt x 244.915pt>
File: Figures/sgbmout.jpg Graphic file (type jpg)
 <use Figures/sgbmout.jpg>
Package pdftex.def Info: Figures/sgbmout.jpg used on input line 49.
(pdftex.def)             Requested size: 193.62325pt x 145.81778pt.

<Figures/libelasout.jpg, id=708, 321.2pt x 240.9pt>
File: Figures/libelasout.jpg Graphic file (type jpg)

<use Figures/libelasout.jpg>
Package pdftex.def Info: Figures/libelasout.jpg used on input line 50.
(pdftex.def)             Requested size: 193.62325pt x 145.22113pt.
 [38 </home/adam/Documents/VRproj/VRproj-U/Report/Figures/depthspeed.png (PNG c
opy)>]
<Figures/BMfiltered.jpg, id=715, 321.2pt x 240.9pt>
File: Figures/BMfiltered.jpg Graphic file (type jpg)

<use Figures/BMfiltered.jpg>
Package pdftex.def Info: Figures/BMfiltered.jpg used on input line 63.
(pdftex.def)             Requested size: 193.62325pt x 145.22113pt.

<Figures/sgbmfilt.jpg, id=716, 325.215pt x 244.915pt>
File: Figures/sgbmfilt.jpg Graphic file (type jpg)

<use Figures/sgbmfilt.jpg>
Package pdftex.def Info: Figures/sgbmfilt.jpg used on input line 64.
(pdftex.def)             Requested size: 193.62325pt x 145.81778pt.
 [39 </home/adam/Documents/VRproj/VRproj-U/Report/Figures/BMout.jpg> </home/ada
m/Documents/VRproj/VRproj-U/Report/Figures/sgbmout.jpg> </home/adam/Documents/V
Rproj/VRproj-U/Report/Figures/libelasout.jpg>]
[40 </home/adam/Documents/VRproj/VRproj-U/Report/Figures/BMfiltered.jpg> </home
/adam/Documents/VRproj/VRproj-U/Report/Figures/sgbmfilt.jpg>]
<Figures/mesh.pdf, id=729, 158.5925pt x 159.59625pt>
File: Figures/mesh.pdf Graphic file (type pdf)
 <use Figures/mesh.pdf>
Package pdftex.def Info: Figures/mesh.pdf used on input line 83.
(pdftex.def)             Requested size: 172.1081pt x 173.21126pt.

<Figures/outlinePic1.jpg, id=731, 642.4pt x 481.8pt>
File: Figures/outlinePic1.jpg Graphic file (type jpg)

<use Figures/outlinePic1.jpg>
Package pdftex.def Info: Figures/outlinePic1.jpg used on input line 93.
(pdftex.def)             Requested size: 215.1384pt x 161.35437pt.

<Figures/OutlinePic2.png, id=732, 1927.2pt x 1084.05pt>
File: Figures/OutlinePic2.png Graphic file (type png)

<use Figures/OutlinePic2.png>
Package pdftex.def Info: Figures/OutlinePic2.png used on input line 94.
(pdftex.def)             Requested size: 387.24649pt x 217.81517pt.
 [41 </home/adam/Documents/VRproj/VRproj-U/Report/Figures/mesh.pdf

pdfTeX warning: pdflatex (file /home/adam/Documents/VRproj/VRproj-U/Report/Figu
res/mesh.pdf): PDF inclusion: invalid other resource which is no dict (key 'Pro
cSets', type <array>); ignored.
>]) (/home/adam/Documents/VRproj/VRproj-U/Report/Chapters/Evaluation.tex
[42 </home/adam/Documents/VRproj/VRproj-U/Report/Figures/outlinePic1.jpg> </hom
e/adam/Documents/VRproj/VRproj-U/Report/Figures/OutlinePic2.png>]
Chapter 7.
------------------------------------------------------------------------------
 7 Testing and Evaluation
------------------------------------------------------------------------------
<Figures/TestScene1.jpg, id=748, 321.2pt x 240.9pt>
File: Figures/TestScene1.jpg Graphic file (type jpg)

<use Figures/TestScene1.jpg>
Package pdftex.def Info: Figures/TestScene1.jpg used on input line 14.
(pdftex.def)             Requested size: 185.01587pt x 160.02739pt.

<Figures/TestUnreal1.jpg, id=750, 786.94pt x 669.50125pt>
File: Figures/TestUnreal1.jpg Graphic file (type jpg)

<use Figures/TestUnreal1.jpg>
Package pdftex.def Info: Figures/TestUnreal1.jpg used on input line 15.
(pdftex.def)             Requested size: 185.01587pt x 157.40433pt.

<Figures/TestScene2.jpg, id=751, 321.2pt x 240.9pt>
File: Figures/TestScene2.jpg Graphic file (type jpg)

<use Figures/TestScene2.jpg>
Package pdftex.def Info: Figures/TestScene2.jpg used on input line 16.
(pdftex.def)             Requested size: 185.01587pt x 168.64354pt.

<Figures/TestUnreal2.jpg, id=753, 737.75626pt x 677.53125pt>
File: Figures/TestUnreal2.jpg Graphic file (type jpg)

<use Figures/TestUnreal2.jpg>
Package pdftex.def Info: Figures/TestUnreal2.jpg used on input line 17.
(pdftex.def)             Requested size: 185.01587pt x 169.90964pt.
 [43

] [44 </home/adam/Documents/VRproj/VRproj-U/Report/Figures/TestScene1.jpg> </ho
me/adam/Documents/VRproj/VRproj-U/Report/Figures/TestScene2.jpg> </home/adam/Do
cuments/VRproj/VRproj-U/Report/Figures/TestUnreal1.jpg> </home/adam/Documents/V
Rproj/VRproj-U/Report/Figures/TestUnreal2.jpg>] <Figures/TestScene3.jpg, id=768
, 321.2pt x 240.9pt>
File: Figures/TestScene3.jpg Graphic file (type jpg)

<use Figures/TestScene3.jpg>
Package pdftex.def Info: Figures/TestScene3.jpg used on input line 33.
(pdftex.def)             Requested size: 185.01587pt x 152.253pt.

<Figures/TestUnreal3.jpg, id=770, 747.79375pt x 612.2875pt>
File: Figures/TestUnreal3.jpg Graphic file (type jpg)

<use Figures/TestUnreal3.jpg>
Package pdftex.def Info: Figures/TestUnreal3.jpg used on input line 34.
(pdftex.def)             Requested size: 185.01587pt x 151.48323pt.

<Figures/TestUnreal3S.jpg, id=771, 909.3975pt x 671.50874pt>
File: Figures/TestUnreal3S.jpg Graphic file (type jpg)

<use Figures/TestUnreal3S.jpg>
Package pdftex.def Info: Figures/TestUnreal3S.jpg used on input line 35.
(pdftex.def)             Requested size: 215.1384pt x 158.85995pt.
 [45] [46 </home/adam/Documents/VRproj/VRproj-U/Report/Figures/TestScene3.jpg> 
</home/adam/Documents/VRproj/VRproj-U/Report/Figures/TestUnreal3.jpg> </home/ad
am/Documents/VRproj/VRproj-U/Report/Figures/TestUnreal3S.jpg>] <Figures/packetc
omp.png, id=783, 481.8pt x 326.21875pt>
File: Figures/packetcomp.png Graphic file (type png)

<use Figures/packetcomp.png>
Package pdftex.def Info: Figures/packetcomp.png used on input line 56.
(pdftex.def)             Requested size: 301.19244pt x 203.93599pt.
 [47]
<Figures/abstest.jpg, id=789, 642.4pt x 481.8pt>
File: Figures/abstest.jpg Graphic file (type jpg)
 <use Figures/abstest.jpg>
Package pdftex.def Info: Figures/abstest.jpg used on input line 67.
(pdftex.def)             Requested size: 202.23062pt x 151.67223pt.

<Figures/jpgtest.jpg, id=790, 642.4pt x 481.8pt>
File: Figures/jpgtest.jpg Graphic file (type jpg)
 <use Figures/jpgtest.jpg>
Package pdftex.def Info: Figures/jpgtest.jpg used on input line 68.
(pdftex.def)             Requested size: 202.23062pt x 151.67223pt.
)
(/home/adam/Documents/VRproj/VRproj-U/Report/Chapters/Conclusion.tex [48 </home
/adam/Documents/VRproj/VRproj-U/Report/Figures/packetcomp.png (PNG copy)> </hom
e/adam/Documents/VRproj/VRproj-U/Report/Figures/abstest.jpg> </home/adam/Docume
nts/VRproj/VRproj-U/Report/Figures/jpgtest.jpg>]
Chapter 8.
------------------------------------------------------------------------------
 8 Conclusion
------------------------------------------------------------------------------
) (/home/adam/Documents/VRproj/VRproj-U/Report/Chapters/Mang.tex [49

] [50

]
Chapter 9.
------------------------------------------------------------------------------
 9 Project Management
------------------------------------------------------------------------------
) (/home/adam/Documents/VRproj/VRproj-U/Report/Thesis.bbl [51] [52

]
Underfull \hbox (badness 2418) in paragraph at lines 31--35
[]\OT1/cmr/m/n/12 IrisVR, ``The im-por-tance of frame rates,'' 2017.  Avail-abl
e: [][]$\OT1/cmtt/m/n/12 https :
 []


Underfull \hbox (badness 10000) in paragraph at lines 31--35
\OT1/cmtt/m/n/12 / / help . irisvr . com / hc / en -[] us / articles / 21588454
7 -[] The -[] Importance -[]
 []

[53] [54]
Underfull \hbox (badness 1735) in paragraph at lines 121--126
[]\OT1/cmr/m/n/12 A. Barrett-Sprot, ``Data ab-strac-tion for low-bandwidth com-
mu-ni-ca-tion,''
 []

[55]
Underfull \hbox (badness 1365) in paragraph at lines 169--173
\OT1/cmr/m/n/12 Avail-able: [][]$\OT1/cmtt/m/n/12 http : / / opencv -[] python 
-[] tutroals . readthedocs . io / en / latest /
 []


Underfull \hbox (badness 4940) in paragraph at lines 175--179
[]\OT1/cmr/m/n/12 V. Jai-mini, ``Hack-erearth.com flood fill tu-to-rial,'' 2017
.  Avail-able:
 []


Underfull \hbox (badness 10000) in paragraph at lines 175--179
[][]$\OT1/cmtt/m/n/12 https : / / www . hackerearth . com / practice / algorith
ms / graphs / flood -[]
 []


Underfull \hbox (badness 3815) in paragraph at lines 194--198
[]\OT1/cmr/m/n/12 opencv dev team, ``Cam-era cal-i-bra-tion,'' 2014.  Avail-abl
e: [][]$\OT1/cmtt/m/n/12 https :
 []


Underfull \hbox (badness 10000) in paragraph at lines 194--198
\OT1/cmtt/m/n/12 / / docs . opencv . org / 3 . 0 -[] beta / doc / py _ tutorial
s / py _ calib3d / py _
 []


Underfull \hbox (badness 2020) in paragraph at lines 200--204
[]\OT1/cmr/m/n/12 S. Ghost, ``Stereo cal-i-bra-tion us-ing c++ and opencv,'' 20
16.  Avail-
 []


Underfull \hbox (badness 6592) in paragraph at lines 216--220
[]\OT1/cmr/m/n/12 Microsoft, ``Xbox 360 Con-troller for Win-dows,'' 2018.  Avai
l-able:
 []


Underfull \hbox (badness 10000) in paragraph at lines 216--220
[][]$\OT1/cmtt/m/n/12 https : / / www . microsoft . com / accessories / en -[] 
gb / products / gaming / xbox -[]
 []

[56]
Missing character: There is no Å in font cmr12!
Missing character: There is no „ in font cmr12!
)
(/home/adam/Documents/VRproj/VRproj-U/Report/Appendices/AbstractionDemos.tex
[57] [58

]
Appendix A.
------------------------------------------------------------------------------
 A Demonstrations of Full Data Abstraction
------------------------------------------------------------------------------
<Figures/building.jpg, id=889, 653.44125pt x 451.6875pt>
File: Figures/building.jpg Graphic file (type jpg)

<use Figures/building.jpg>
Package pdftex.def Info: Figures/building.jpg used on input line 8.
(pdftex.def)             Requested size: 193.62325pt x 133.83937pt.
 <Figures/Final.jpg, id=890, 871.255pt x 602.25pt>
File: Figures/Final.jpg Graphic file (type jpg)

<use Figures/Final.jpg>
Package pdftex.def Info: Figures/Final.jpg used on input line 9.
(pdftex.def)             Requested size: 193.62325pt x 133.83708pt.
 <Figures/lena.jpg, id=891, 506.88pt x 506.88pt>
File: Figures/lena.jpg Graphic file (type jpg)

<use Figures/lena.jpg>
Package pdftex.def Info: Figures/lena.jpg used on input line 19.
(pdftex.def)             Requested size: 185.01587pt x 185.01353pt.
 <Figures/lenaDA.jpg, id=892, 513.92pt x 513.92pt>
File: Figures/lenaDA.jpg Graphic file (type jpg)

<use Figures/lenaDA.jpg>
Package pdftex.def Info: Figures/lenaDA.jpg used on input line 20.
(pdftex.def)             Requested size: 185.01587pt x 185.01889pt.

<Figures/pufferfish6.jpg, id=893, 1927.2pt x 1084.05pt>
File: Figures/pufferfish6.jpg Graphic file (type jpg)

<use Figures/pufferfish6.jpg>
Package pdftex.def Info: Figures/pufferfish6.jpg used on input line 21.
(pdftex.def)             Requested size: 185.01587pt x 104.06099pt.

<Figures/pufferfishDA.jpg, id=894, 1927.2pt x 1084.05pt>
File: Figures/pufferfishDA.jpg Graphic file (type jpg)

<use Figures/pufferfishDA.jpg>
Package pdftex.def Info: Figures/pufferfishDA.jpg used on input line 22.
(pdftex.def)             Requested size: 185.01587pt x 104.06099pt.

<Figures/starry_night.jpg, id=895, 181.1568pt x 144.54pt>
File: Figures/starry_night.jpg Graphic file (type jpg)

<use Figures/starry_night.jpg>
Package pdftex.def Info: Figures/starry_night.jpg used on input line 23.
(pdftex.def)             Requested size: 185.01587pt x 147.6185pt.

<Figures/starry_nightDA.jpg, id=896, 754.82pt x 602.25pt>
File: Figures/starry_nightDA.jpg Graphic file (type jpg)

<use Figures/starry_nightDA.jpg>
Package pdftex.def Info: Figures/starry_nightDA.jpg used on input line 24.
(pdftex.def)             Requested size: 185.01587pt x 147.61226pt.
)
(/home/adam/Documents/VRproj/VRproj-U/Report/Appendices/Contours.tex [59 </home
/adam/Documents/VRproj/VRproj-U/Report/Figures/building.jpg> </home/adam/Docume
nts/VRproj/VRproj-U/Report/Figures/Final.jpg>] [60 </home/adam/Documents/VRproj
/VRproj-U/Report/Figures/lena.jpg> </home/adam/Documents/VRproj/VRproj-U/Report
/Figures/lenaDA.jpg> </home/adam/Documents/VRproj/VRproj-U/Report/Figures/puffe
rfish6.jpg> </home/adam/Documents/VRproj/VRproj-U/Report/Figures/pufferfishDA.j
pg> </home/adam/Documents/VRproj/VRproj-U/Report/Figures/starry_night.jpg> </ho
me/adam/Documents/VRproj/VRproj-U/Report/Figures/starry_nightDA.jpg>]
Appendix B.
------------------------------------------------------------------------------
 B Contour Based Seed Point Location
------------------------------------------------------------------------------
File: Figures/blox.jpg Graphic file (type jpg)
<use Figures/blox.jpg>
Package pdftex.def Info: Figures/blox.jpg used on input line 12.
(pdftex.def)             Requested size: 133.38475pt x 133.3847pt.

<Figures/ContourCentres.jpg, id=907, 256.96pt x 256.96pt>
File: Figures/ContourCentres.jpg Graphic file (type jpg)

<use Figures/ContourCentres.jpg>
Package pdftex.def Info: Figures/ContourCentres.jpg used on input line 13.
(pdftex.def)             Requested size: 133.38475pt x 133.3847pt.
) [61

]
(/home/adam/Documents/VRproj/VRproj-U/Report/Appendices/Scenes.tex [62 </home/a
dam/Documents/VRproj/VRproj-U/Report/Figures/ContourCentres.jpg>]
Appendix C.
------------------------------------------------------------------------------
 C Images of Algorithm Performance Test Scenes
------------------------------------------------------------------------------
<Figures/simple.jpg, id=917, 642.4pt x 481.8pt>
File: Figures/simple.jpg Graphic file (type jpg)
 <use Figures/simple.jpg>
Package pdftex.def Info: Figures/simple.jpg used on input line 8.
(pdftex.def)             Requested size: 258.1687pt x 193.62819pt.

<Figures/medium.jpg, id=918, 642.4pt x 481.8pt>
File: Figures/medium.jpg Graphic file (type jpg)
 <use Figures/medium.jpg>
Package pdftex.def Info: Figures/medium.jpg used on input line 9.
(pdftex.def)             Requested size: 258.1687pt x 193.62819pt.

<Figures/complex.jpg, id=919, 642.4pt x 481.8pt>
File: Figures/complex.jpg Graphic file (type jpg)
 <use Figures/complex.jpg>
Package pdftex.def Info: Figures/complex.jpg used on input line 10.
(pdftex.def)             Requested size: 258.1687pt x 193.62819pt.
)
(/home/adam/Documents/VRproj/VRproj-U/Report/Appendices/Hardware.tex [63

]
[64 </home/adam/Documents/VRproj/VRproj-U/Report/Figures/simple.jpg> </home/ada
m/Documents/VRproj/VRproj-U/Report/Figures/medium.jpg> </home/adam/Documents/VR
proj/VRproj-U/Report/Figures/complex.jpg>]
Appendix D.
------------------------------------------------------------------------------
 D Rover Hardware Breakdown
------------------------------------------------------------------------------
) (/home/adam/Documents/VRproj/VRproj-U/Report/Appendices/vector.tex [65

]
[66

]
Appendix E.
------------------------------------------------------------------------------
 E Vectorization
------------------------------------------------------------------------------
<Figures/butterfly.jpg, id=943, 494.84875pt x 357.335pt>
File: Figures/butterfly.jpg Graphic file (type jpg)

<use Figures/butterfly.jpg>
Package pdftex.def Info: Figures/butterfly.jpg used on input line 10.
(pdftex.def)             Requested size: 172.1081pt x 124.2785pt.

<Figures/butteredge.jpg, id=944, 494.84875pt x 357.335pt>
File: Figures/butteredge.jpg Graphic file (type jpg)

<use Figures/butteredge.jpg>
Package pdftex.def Info: Figures/butteredge.jpg used on input line 11.
(pdftex.def)             Requested size: 172.1081pt x 124.2785pt.
Package epstopdf Info: Source file: <Figures/butter.eps>
(epstopdf)                    date: 2018-03-04 17:10:34
(epstopdf)                    size: 28244 bytes
(epstopdf)             Output file: <Figures/butter-eps-converted-to.pdf>
(epstopdf)                    date: 2018-04-27 12:29:36
(epstopdf)                    size: 10154 bytes
(epstopdf)             Command: <repstopdf --outfile=Figures/butter-eps-convert
ed-to.pdf Figures/butter.eps>
(epstopdf)             \includegraphics on input line 12.
Package epstopdf Info: Output file is already uptodate.

<Figures/butter-eps-converted-to.pdf, id=945, 164.615pt x 118.4425pt>
File: Figures/butter-eps-converted-to.pdf Graphic file (type pdf)

<use Figures/butter-eps-converted-to.pdf>
Package pdftex.def Info: Figures/butter-eps-converted-to.pdf used on input line
 12.
(pdftex.def)             Requested size: 172.1081pt x 123.83693pt.
 [67 </home/adam/Documents/VRproj/VRproj-U/Report/Figures/butterfly.jpg> </home
/adam/Documents/VRproj/VRproj-U/Report/Figures/butteredge.jpg> </home/adam/Docu
ments/VRproj/VRproj-U/Report/Figures/butter-eps-converted-to.pdf>]
<Figures/buttercan.jpg, id=953, 494.84875pt x 357.335pt>
File: Figures/buttercan.jpg Graphic file (type jpg)

<use Figures/buttercan.jpg>
Package pdftex.def Info: Figures/buttercan.jpg used on input line 24.
(pdftex.def)             Requested size: 172.1081pt x 124.2785pt.

<Figures/butterred.jpg, id=954, 989.6975pt x 714.67pt>
File: Figures/butterred.jpg Graphic file (type jpg)

<use Figures/butterred.jpg>
Package pdftex.def Info: Figures/butterred.jpg used on input line 25.
(pdftex.def)             Requested size: 172.1081pt x 124.27306pt.
)
(/home/adam/Documents/VRproj/VRproj-U/Report/Appendices/brief.tex [68 </home/ad
am/Documents/VRproj/VRproj-U/Report/Figures/buttercan.jpg> </home/adam/Document
s/VRproj/VRproj-U/Report/Figures/butterred.jpg>]
Appendix F.
------------------------------------------------------------------------------
 F Project Brief
------------------------------------------------------------------------------
Missing character: There is no â in font cmr12!
Missing character: There is no € in font cmr12!
Missing character: There is no ™ in font cmr12!
[69

]) (/home/adam/Documents/VRproj/VRproj-U/Report/Appendices/GanttChart.tex
[70]
Appendix G.
------------------------------------------------------------------------------
 G Gantt Chart
------------------------------------------------------------------------------
[71

] <Figures/ganttfull.png, id=972, 1530.71875pt x 758.835pt>
File: Figures/ganttfull.png Graphic file (type png)

<use Figures/ganttfull.png>
Package pdftex.def Info: Figures/ganttfull.png used on input line 8.
(pdftex.def)             Requested size: 645.4152pt x 319.95905pt.
 [72

 </home/adam/Documents/VRproj/VRproj-U/Report/Figures/ganttfull.png>])
(/home/adam/Documents/VRproj/VRproj-U/Report/Appendices/Costs.tex
Appendix H.
------------------------------------------------------------------------------
 H Risk Assessment
------------------------------------------------------------------------------
[73


] <Figures/risk.png, id=981, 1472.50125pt x 832.10875pt>
File: Figures/risk.png Graphic file (type png)

<use Figures/risk.png>
Package pdftex.def Info: Figures/risk.png used on input line 8.
(pdftex.def)             Requested size: 645.4152pt x 364.73232pt.
 [74 </home/adam/Documents/VRproj/VRproj-U/Report/Figures/risk.png>])
(/home/adam/Documents/VRproj/VRproj-U/Report/Appendices/Archive.tex
Appendix I.
------------------------------------------------------------------------------
 I Design Archive Contents
------------------------------------------------------------------------------
)
Package atveryend Info: Empty hook `BeforeClearDocument' on input line 149.
 [75



]
Package atveryend Info: Empty hook `AfterLastShipout' on input line 149.
 (/home/adam/Documents/VRproj/VRproj-U/Report/Thesis.aux)
Package atveryend Info: Executing hook `AtVeryEndDocument' on input line 149.
Package atveryend Info: Executing hook `AtEndAfterFileList' on input line 149.
Package rerunfilecheck Info: File `Thesis.out' has not changed.
(rerunfilecheck)             Checksum: 9066DF2E729558D9DED15DC21DF2E3E4;6745.
Package atveryend Info: Empty hook `AtVeryVeryEnd' on input line 149.
 )
(\end occurred inside a group at level 1)

### simple group (level 1) entered at line 58 ({)
### bottom level 
Here is how much of TeX's memory you used:
 13862 strings out of 493029
 202606 string characters out of 6136234
 269197 words of memory out of 5000000
 16861 multiletter control sequences out of 15000+600000
 12518 words of font info for 46 fonts, out of 8000000 for 9000
 1141 hyphenation exceptions out of 8191
 49i,15n,45p,1924b,678s stack positions out of 5000i,500n,10000p,200000b,80000s
</usr/share/texlive/texmf-dist/fonts/type1/public/amsfonts/cm/c
mbx12.pfb></usr/share/texlive/texmf-dist/fonts/type1/public/amsfonts/cm/cmcsc10
.pfb></usr/share/texlive/texmf-dist/fonts/type1/public/amsfonts/cm/cmmi12.pfb><
/usr/share/texlive/texmf-dist/fonts/type1/public/amsfonts/cm/cmr10.pfb></usr/sh
are/texlive/texmf-dist/fonts/type1/public/amsfonts/cm/cmr12.pfb></usr/share/tex
live/texmf-dist/fonts/type1/public/amsfonts/cm/cmr17.pfb></usr/share/texlive/te
xmf-dist/fonts/type1/public/amsfonts/cm/cmti10.pfb></usr/share/texlive/texmf-di
st/fonts/type1/public/amsfonts/cm/cmti12.pfb></usr/share/texlive/texmf-dist/fon
ts/type1/public/amsfonts/cm/cmtt12.pfb>
Output written on /home/adam/Documents/VRproj/VRproj-U/Report/Thesis.pdf (85 pa
ges, 16917960 bytes).
PDF statistics:
 1075 PDF objects out of 1200 (max. 8388607)
 888 compressed objects within 9 object streams
 224 named destinations out of 1000 (max. 500000)
 704 words of extra memory for PDF output out of 10000 (max. 10000000)

