\BOOKMARK [0][-]{chapter.3}{\376\377\0001\000\040\000I\000n\000t\000r\000o\000d\000u\000c\000t\000i\000o\000n}{}% 1
\BOOKMARK [0][-]{chapter.4}{\376\377\0002\000\040\000B\000a\000c\000k\000g\000r\000o\000u\000n\000d}{}% 2
\BOOKMARK [1][-]{section.5}{\376\377\0002\000.\0001\000\040\000V\000i\000r\000t\000u\000a\000l\000\040\000R\000e\000a\000l\000i\000t\000y}{chapter.4}% 3
\BOOKMARK [1][-]{section.7}{\376\377\0002\000.\0002\000\040\000T\000e\000l\000e\000r\000o\000b\000o\000t\000i\000c\000s}{chapter.4}% 4
\BOOKMARK [2][-]{subsection.8}{\376\377\0002\000.\0002\000.\0001\000\040\000V\000R\000\040\000i\000n\000\040\000T\000e\000l\000e\000r\000o\000b\000o\000t\000i\000c\000s}{section.7}% 5
\BOOKMARK [1][-]{section.10}{\376\377\0002\000.\0003\000\040\000D\000a\000t\000a\000\040\000A\000b\000s\000t\000r\000a\000c\000t\000i\000o\000n}{chapter.4}% 6
\BOOKMARK [1][-]{section.12}{\376\377\0002\000.\0004\000\040\000I\000n\000t\000e\000r\000-\000F\000r\000a\000m\000e\000\040\000I\000n\000t\000e\000r\000p\000o\000l\000a\000t\000i\000o\000n}{chapter.4}% 7
\BOOKMARK [1][-]{section.13}{\376\377\0002\000.\0005\000\040\000S\000o\000b\000o\000l\000\040\000S\000e\000q\000u\000e\000n\000c\000e\000s}{chapter.4}% 8
\BOOKMARK [1][-]{section.15}{\376\377\0002\000.\0006\000\040\000C\000o\000m\000p\000u\000t\000e\000r\000\040\000V\000i\000s\000i\000o\000n}{chapter.4}% 9
\BOOKMARK [2][-]{subsection.16}{\376\377\0002\000.\0006\000.\0001\000\040\000E\000d\000g\000e\000\040\000D\000e\000t\000e\000c\000t\000i\000o\000n}{section.15}% 10
\BOOKMARK [2][-]{subsection.18}{\376\377\0002\000.\0006\000.\0002\000\040\000F\000l\000o\000o\000d\000\040\000F\000i\000l\000l}{section.15}% 11
\BOOKMARK [2][-]{subsection.20}{\376\377\0002\000.\0006\000.\0003\000\040\000D\000e\000p\000t\000h\000\040\000M\000a\000p\000p\000i\000n\000g}{section.15}% 12
\BOOKMARK [0][-]{chapter.21}{\376\377\0003\000\040\000A\000b\000s\000t\000r\000a\000c\000t\000i\000o\000n\000\040\000A\000l\000g\000o\000r\000i\000t\000h\000m\000\040\000D\000e\000v\000e\000l\000o\000p\000m\000e\000n\000t}{}% 13
\BOOKMARK [1][-]{section.26}{\376\377\0003\000.\0001\000\040\000E\000d\000g\000e\000\040\000D\000e\000t\000e\000c\000t\000i\000o\000n}{chapter.21}% 14
\BOOKMARK [1][-]{section.28}{\376\377\0003\000.\0002\000\040\000F\000l\000o\000o\000d\000\040\000f\000i\000l\000l\000i\000n\000g}{chapter.21}% 15
\BOOKMARK [2][-]{subsection.29}{\376\377\0003\000.\0002\000.\0001\000\040\000S\000e\000e\000d\000\040\000P\000o\000i\000n\000t}{section.28}% 16
\BOOKMARK [2][-]{subsection.31}{\376\377\0003\000.\0002\000.\0002\000\040\000F\000i\000l\000l\000\040\000C\000o\000l\000o\000u\000r}{section.28}% 17
\BOOKMARK [0][-]{chapter.33}{\376\377\0004\000\040\000E\000m\000b\000e\000d\000d\000e\000d\000\040\000I\000m\000p\000l\000e\000m\000e\000n\000t\000a\000t\000i\000o\000n}{}% 18
\BOOKMARK [0][-]{chapter.34}{\376\377\0005\000\040\000S\000e\000r\000v\000e\000r\000-\000S\000i\000d\000e\000\040\000I\000m\000p\000l\000e\000m\000e\000n\000t\000a\000t\000i\000o\000n}{}% 19
\BOOKMARK [0][-]{chapter.35}{\376\377\0006\000\040\000S\000y\000s\000t\000e\000m\000\040\000E\000v\000a\000l\000u\000a\000t\000i\000o\000n}{}% 20
\BOOKMARK [0][-]{chapter.36}{\376\377\0007\000\040\000P\000r\000o\000j\000e\000c\000t\000\040\000E\000v\000a\000l\000u\000a\000t\000i\000o\000n\000\040\000a\000n\000d\000\040\000C\000o\000n\000c\000l\000u\000s\000i\000o\000n}{}% 21
\BOOKMARK [0][-]{appendix.37}{\376\377\000A\000\040\000E\000d\000g\000e\000\040\000D\000e\000t\000e\000c\000t\000i\000o\000n\000\040\000E\000x\000p\000e\000r\000i\000m\000e\000n\000t\000a\000t\000i\000o\000n}{}% 22
\BOOKMARK [0][-]{appendix.40}{\376\377\000B\000\040\000C\000o\000n\000t\000o\000u\000r\000\040\000B\000a\000s\000e\000d\000\040\000S\000e\000e\000d\000\040\000P\000o\000i\000n\000t\000\040\000L\000o\000c\000a\000t\000i\000o\000n}{}% 23
\BOOKMARK [0][-]{appendix.42}{\376\377\000C\000\040\000D\000e\000m\000o\000n\000s\000t\000r\000a\000t\000i\000o\000n\000s\000\040\000o\000f\000\040\000F\000u\000l\000l\000\040\000D\000a\000t\000a\000\040\000A\000b\000s\000t\000r\000a\000c\000t\000i\000o\000n}{}% 24
\BOOKMARK [0][-]{appendix.45}{\376\377\000D\000\040\000G\000a\000n\000t\000t\000\040\000C\000h\000a\000r\000t}{}% 25
\BOOKMARK [0][-]{appendix.47}{\376\377\000E\000\040\000C\000o\000s\000t\000i\000n\000g\000\040\000a\000n\000d\000\040\000R\000i\000s\000k\000\040\000A\000s\000s\000e\000s\000s\000m\000e\000n\000t}{}% 26
\BOOKMARK [0][-]{dummy.50}{\376\377\000B\000i\000b\000l\000i\000o\000g\000r\000a\000p\000h\000y}{}% 27
