This is pdfTeX, Version 3.14159265-2.6-1.40.16 (TeX Live 2015/Debian) (preloaded format=pdflatex 2017.9.3)  11 MAR 2018 10:18
entering extended mode
 \write18 enabled.
 %&-line parsing enabled.
**Thesis
(./Thesis.tex
LaTeX2e <2016/02/01>
Babel <3.9q> and hyphenation patterns for 3 language(s) loaded.
(./Thesis.cls
Document Class: Thesis 2007/22/02 v1.0 LaTeX document class
(/usr/share/texlive/texmf-dist/tex/latex/base/book.cls
Document Class: book 2014/09/29 v1.4h Standard LaTeX document class
(/usr/share/texlive/texmf-dist/tex/latex/base/bk12.clo
File: bk12.clo 2014/09/29 v1.4h Standard LaTeX file (size option)
)
\c@part=\count79
\c@chapter=\count80
\c@section=\count81
\c@subsection=\count82
\c@subsubsection=\count83
\c@paragraph=\count84
\c@subparagraph=\count85
\c@figure=\count86
\c@table=\count87
\abovecaptionskip=\skip41
\belowcaptionskip=\skip42
\bibindent=\dimen102
)
(/usr/share/texlive/texmf-dist/tex/latex/setspace/setspace.sty
Package: setspace 2011/12/19 v6.7a set line spacing
)
(/usr/share/texlive/texmf-dist/tex/latex/vmargin/vmargin.sty
Package: vmargin 2004/07/15 V2.5 set document margins (VK)

Package: vmargin 2004/07/15 V2.5 set document margins (VK)
\PaperWidth=\dimen103
\PaperHeight=\dimen104
) (/usr/share/texlive/texmf-dist/tex/latex/fancyhdr/fancyhdr.sty
\fancy@headwidth=\skip43
\f@ncyO@elh=\skip44
\f@ncyO@erh=\skip45
\f@ncyO@olh=\skip46
\f@ncyO@orh=\skip47
\f@ncyO@elf=\skip48
\f@ncyO@erf=\skip49
\f@ncyO@olf=\skip50
\f@ncyO@orf=\skip51
)
(/usr/share/texlive/texmf-dist/tex/latex/amsmath/amsmath.sty
Package: amsmath 2016/03/03 v2.15a AMS math features
\@mathmargin=\skip52

For additional information on amsmath, use the `?' option.
(/usr/share/texlive/texmf-dist/tex/latex/amsmath/amstext.sty
Package: amstext 2000/06/29 v2.01 AMS text

(/usr/share/texlive/texmf-dist/tex/latex/amsmath/amsgen.sty
File: amsgen.sty 1999/11/30 v2.0 generic functions
\@emptytoks=\toks14
\ex@=\dimen105
))
(/usr/share/texlive/texmf-dist/tex/latex/amsmath/amsbsy.sty
Package: amsbsy 1999/11/29 v1.2d Bold Symbols
\pmbraise@=\dimen106
)
(/usr/share/texlive/texmf-dist/tex/latex/amsmath/amsopn.sty
Package: amsopn 1999/12/14 v2.01 operator names
)
\inf@bad=\count88
LaTeX Info: Redefining \frac on input line 199.
\uproot@=\count89
\leftroot@=\count90
LaTeX Info: Redefining \overline on input line 297.
\classnum@=\count91
\DOTSCASE@=\count92
LaTeX Info: Redefining \ldots on input line 394.
LaTeX Info: Redefining \dots on input line 397.
LaTeX Info: Redefining \cdots on input line 518.
\Mathstrutbox@=\box26
\strutbox@=\box27
\big@size=\dimen107
LaTeX Font Info:    Redeclaring font encoding OML on input line 630.
LaTeX Font Info:    Redeclaring font encoding OMS on input line 631.
\macc@depth=\count93
\c@MaxMatrixCols=\count94
\dotsspace@=\muskip10
\c@parentequation=\count95
\dspbrk@lvl=\count96
\tag@help=\toks15
\row@=\count97
\column@=\count98
\maxfields@=\count99
\andhelp@=\toks16
\eqnshift@=\dimen108
\alignsep@=\dimen109
\tagshift@=\dimen110
\tagwidth@=\dimen111
\totwidth@=\dimen112
\lineht@=\dimen113
\@envbody=\toks17
\multlinegap=\skip53
\multlinetaggap=\skip54
\mathdisplay@stack=\toks18
LaTeX Info: Redefining \[ on input line 2735.
LaTeX Info: Redefining \] on input line 2736.
)
(/usr/share/texlive/texmf-dist/tex/latex/amsfonts/amsfonts.sty
Package: amsfonts 2013/01/14 v3.01 Basic AMSFonts support
\symAMSa=\mathgroup4
\symAMSb=\mathgroup5
LaTeX Font Info:    Overwriting math alphabet `\mathfrak' in version `bold'
(Font)                  U/euf/m/n --> U/euf/b/n on input line 106.
)
(/usr/share/texlive/texmf-dist/tex/latex/amsfonts/amssymb.sty
Package: amssymb 2013/01/14 v3.01 AMS font symbols
)
(/usr/share/texlive/texmf-dist/tex/latex/amsmath/amscd.sty
Package: amscd 1999/11/29 v2.0 AMS Commutatitive Diagrams
\athelp@=\toks19
\minaw@=\dimen114
\bigaw@=\dimen115
\minCDarrowwidth=\dimen116
)
(/usr/share/texlive/texmf-dist/tex/latex/amscls/amsthm.sty
Package: amsthm 2015/03/04 v2.20.2
\thm@style=\toks20
\thm@bodyfont=\toks21
\thm@headfont=\toks22
\thm@notefont=\toks23
\thm@headpunct=\toks24
\thm@preskip=\skip55
\thm@postskip=\skip56
\thm@headsep=\skip57
\dth@everypar=\toks25
)
(/usr/share/texlive/texmf-dist/tex/latex/tools/xspace.sty
Package: xspace 2014/10/28 v1.13 Space after command names (DPC,MH)
)
\c@example=\count100
\c@theorem=\count101

(/usr/share/texlive/texmf-dist/tex/latex/caption/caption.sty
Package: caption 2016/02/21 v3.3-144 Customizing captions (AR)

(/usr/share/texlive/texmf-dist/tex/latex/caption/caption3.sty
Package: caption3 2016/02/04 v1.7-139 caption3 kernel (AR)
Package caption3 Info: TeX engine: e-TeX on input line 67.

(/usr/share/texlive/texmf-dist/tex/latex/graphics/keyval.sty
Package: keyval 2014/10/28 v1.15 key=value parser (DPC)
\KV@toks@=\toks26
)
\captionmargin=\dimen117
\captionmargin@=\dimen118
\captionwidth=\dimen119
\caption@tempdima=\dimen120
\caption@indent=\dimen121
\caption@parindent=\dimen122
\caption@hangindent=\dimen123
)
\c@ContinuedFloat=\count102
)
(/usr/share/texlive/texmf-dist/tex/latex/graphics/graphicx.sty
Package: graphicx 2014/10/28 v1.0g Enhanced LaTeX Graphics (DPC,SPQR)

(/usr/share/texlive/texmf-dist/tex/latex/graphics/graphics.sty
Package: graphics 2016/01/03 v1.0q Standard LaTeX Graphics (DPC,SPQR)

(/usr/share/texlive/texmf-dist/tex/latex/graphics/trig.sty
Package: trig 2016/01/03 v1.10 sin cos tan (DPC)
)
(/usr/share/texlive/texmf-dist/tex/latex/latexconfig/graphics.cfg
File: graphics.cfg 2010/04/23 v1.9 graphics configuration of TeX Live
)
Package graphics Info: Driver file: pdftex.def on input line 95.

(/usr/share/texlive/texmf-dist/tex/latex/pdftex-def/pdftex.def
File: pdftex.def 2011/05/27 v0.06d Graphics/color for pdfTeX

(/usr/share/texlive/texmf-dist/tex/generic/oberdiek/infwarerr.sty
Package: infwarerr 2010/04/08 v1.3 Providing info/warning/error messages (HO)
)
(/usr/share/texlive/texmf-dist/tex/generic/oberdiek/ltxcmds.sty
Package: ltxcmds 2011/11/09 v1.22 LaTeX kernel commands for general use (HO)
)
\Gread@gobject=\count103
))
\Gin@req@height=\dimen124
\Gin@req@width=\dimen125
)
(/usr/share/texlive/texmf-dist/tex/latex/oberdiek/epstopdf.sty
Package: epstopdf 2010/02/09 v2.5 Conversion with epstopdf on the fly (HO)

(/usr/share/texlive/texmf-dist/tex/latex/oberdiek/epstopdf-base.sty
Package: epstopdf-base 2010/02/09 v2.5 Base part for package epstopdf

(/usr/share/texlive/texmf-dist/tex/latex/oberdiek/grfext.sty
Package: grfext 2010/08/19 v1.1 Manage graphics extensions (HO)

(/usr/share/texlive/texmf-dist/tex/generic/oberdiek/kvdefinekeys.sty
Package: kvdefinekeys 2011/04/07 v1.3 Define keys (HO)
))
(/usr/share/texlive/texmf-dist/tex/latex/oberdiek/kvoptions.sty
Package: kvoptions 2011/06/30 v3.11 Key value format for package options (HO)

(/usr/share/texlive/texmf-dist/tex/generic/oberdiek/kvsetkeys.sty
Package: kvsetkeys 2012/04/25 v1.16 Key value parser (HO)

(/usr/share/texlive/texmf-dist/tex/generic/oberdiek/etexcmds.sty
Package: etexcmds 2011/02/16 v1.5 Avoid name clashes with e-TeX commands (HO)

(/usr/share/texlive/texmf-dist/tex/generic/oberdiek/ifluatex.sty
Package: ifluatex 2010/03/01 v1.3 Provides the ifluatex switch (HO)
Package ifluatex Info: LuaTeX not detected.
)
Package etexcmds Info: Could not find \expanded.
(etexcmds)             That can mean that you are not using pdfTeX 1.50 or
(etexcmds)             that some package has redefined \expanded.
(etexcmds)             In the latter case, load this package earlier.
)))
(/usr/share/texlive/texmf-dist/tex/generic/oberdiek/pdftexcmds.sty
Package: pdftexcmds 2011/11/29 v0.20 Utility functions of pdfTeX for LuaTeX (HO
)

(/usr/share/texlive/texmf-dist/tex/generic/oberdiek/ifpdf.sty
Package: ifpdf 2011/01/30 v2.3 Provides the ifpdf switch (HO)
Package ifpdf Info: pdfTeX in PDF mode is detected.
)
Package pdftexcmds Info: LuaTeX not detected.
Package pdftexcmds Info: \pdf@primitive is available.
Package pdftexcmds Info: \pdf@ifprimitive is available.
Package pdftexcmds Info: \pdfdraftmode found.
)
Package grfext Info: Graphics extension search list:
(grfext)             [.png,.pdf,.jpg,.mps,.jpeg,.jbig2,.jb2,.PNG,.PDF,.JPG,.JPE
G,.JBIG2,.JB2,.eps]
(grfext)             \AppendGraphicsExtensions on input line 452.

(/usr/share/texlive/texmf-dist/tex/latex/latexconfig/epstopdf-sys.cfg
File: epstopdf-sys.cfg 2010/07/13 v1.3 Configuration of (r)epstopdf for TeX Liv
e
)))
(/usr/share/texlive/texmf-dist/tex/latex/subfigure/subfigure.sty
Package: subfigure 2002/03/15 v2.1.5 subfigure package
\subfigtopskip=\skip58
\subfigcapskip=\skip59
\subfigcaptopadj=\dimen126
\subfigbottomskip=\skip60
\subfigcapmargin=\dimen127
\subfiglabelskip=\skip61
\c@subfigure=\count104
\c@lofdepth=\count105
\c@subtable=\count106
\c@lotdepth=\count107

****************************************
* Local config file subfigure.cfg used *
****************************************
(/usr/share/texlive/texmf-dist/tex/latex/subfigure/subfigure.cfg)
\subfig@top=\skip62
\subfig@bottom=\skip63
)
(/usr/share/texlive/texmf-dist/tex/latex/booktabs/booktabs.sty
Package: booktabs 2005/04/14 v1.61803 publication quality tables
\heavyrulewidth=\dimen128
\lightrulewidth=\dimen129
\cmidrulewidth=\dimen130
\belowrulesep=\dimen131
\belowbottomsep=\dimen132
\aboverulesep=\dimen133
\abovetopsep=\dimen134
\cmidrulesep=\dimen135
\cmidrulekern=\dimen136
\defaultaddspace=\dimen137
\@cmidla=\count108
\@cmidlb=\count109
\@aboverulesep=\dimen138
\@belowrulesep=\dimen139
\@thisruleclass=\count110
\@lastruleclass=\count111
\@thisrulewidth=\dimen140
)
(/usr/share/texlive/texmf-dist/tex/latex/rotating/rotating.sty
Package: rotating 2009/03/28 v2.16a rotated objects in LaTeX

(/usr/share/texlive/texmf-dist/tex/latex/base/ifthen.sty
Package: ifthen 2014/09/29 v1.1c Standard LaTeX ifthen package (DPC)
)
\c@r@tfl@t=\count112
\rotFPtop=\skip64
\rotFPbot=\skip65
\rot@float@box=\box28
\rot@mess@toks=\toks27
)
(/usr/share/texlive/texmf-dist/tex/latex/listings/listings.sty
\lst@mode=\count113
\lst@gtempboxa=\box29
\lst@token=\toks28
\lst@length=\count114
\lst@currlwidth=\dimen141
\lst@column=\count115
\lst@pos=\count116
\lst@lostspace=\dimen142
\lst@width=\dimen143
\lst@newlines=\count117
\lst@lineno=\count118
\lst@maxwidth=\dimen144
 (./lstpatch.sty

***
*** This is a patch for listings 1.3, but you're using
*** version 1.6.
***
*** Patch file not loaded.
***

) (/usr/share/texlive/texmf-dist/tex/latex/listings/lstmisc.sty
File: lstmisc.sty 2015/06/04 1.6 (Carsten Heinz)
\c@lstnumber=\count119
\lst@skipnumbers=\count120
\lst@framebox=\box30
)
(/usr/share/texlive/texmf-dist/tex/latex/listings/listings.cfg
File: listings.cfg 2015/06/04 1.6 listings configuration
))
Package: listings 2015/06/04 1.6 (Carsten Heinz)

(./lstpatch.sty

***
*** This is a patch for listings 1.3, but you're using
*** version 1.6.
***
 *** Patch file not loaded.
***

) (/usr/share/texlive/texmf-dist/tex/latex/hyperref/hyperref.sty
Package: hyperref 2012/11/06 v6.83m Hypertext links for LaTeX

(/usr/share/texlive/texmf-dist/tex/generic/oberdiek/hobsub-hyperref.sty
Package: hobsub-hyperref 2012/05/28 v1.13 Bundle oberdiek, subset hyperref (HO)


(/usr/share/texlive/texmf-dist/tex/generic/oberdiek/hobsub-generic.sty
Package: hobsub-generic 2012/05/28 v1.13 Bundle oberdiek, subset generic (HO)
Package: hobsub 2012/05/28 v1.13 Construct package bundles (HO)
Package hobsub Info: Skipping package `infwarerr' (already loaded).
Package hobsub Info: Skipping package `ltxcmds' (already loaded).
Package hobsub Info: Skipping package `ifluatex' (already loaded).
Package: ifvtex 2010/03/01 v1.5 Detect VTeX and its facilities (HO)
Package ifvtex Info: VTeX not detected.
Package: intcalc 2007/09/27 v1.1 Expandable calculations with integers (HO)
Package hobsub Info: Skipping package `ifpdf' (already loaded).
Package hobsub Info: Skipping package `etexcmds' (already loaded).
Package hobsub Info: Skipping package `kvsetkeys' (already loaded).
Package hobsub Info: Skipping package `kvdefinekeys' (already loaded).
Package hobsub Info: Skipping package `pdftexcmds' (already loaded).
Package: pdfescape 2011/11/25 v1.13 Implements pdfTeX's escape features (HO)
Package: bigintcalc 2012/04/08 v1.3 Expandable calculations on big integers (HO
)
Package: bitset 2011/01/30 v1.1 Handle bit-vector datatype (HO)
Package: uniquecounter 2011/01/30 v1.2 Provide unlimited unique counter (HO)
)
Package hobsub Info: Skipping package `hobsub' (already loaded).
Package: letltxmacro 2010/09/02 v1.4 Let assignment for LaTeX macros (HO)
Package: hopatch 2012/05/28 v1.2 Wrapper for package hooks (HO)
Package: xcolor-patch 2011/01/30 xcolor patch
Package: atveryend 2011/06/30 v1.8 Hooks at the very end of document (HO)
Package atveryend Info: \enddocument detected (standard20110627).
Package: atbegshi 2011/10/05 v1.16 At begin shipout hook (HO)
Package: refcount 2011/10/16 v3.4 Data extraction from label references (HO)
Package: hycolor 2011/01/30 v1.7 Color options for hyperref/bookmark (HO)
)
(/usr/share/texlive/texmf-dist/tex/generic/ifxetex/ifxetex.sty
Package: ifxetex 2010/09/12 v0.6 Provides ifxetex conditional
)
(/usr/share/texlive/texmf-dist/tex/latex/oberdiek/auxhook.sty
Package: auxhook 2011/03/04 v1.3 Hooks for auxiliary files (HO)
)
\@linkdim=\dimen145
\Hy@linkcounter=\count121
\Hy@pagecounter=\count122

(/usr/share/texlive/texmf-dist/tex/latex/hyperref/pd1enc.def
File: pd1enc.def 2012/11/06 v6.83m Hyperref: PDFDocEncoding definition (HO)
)
\Hy@SavedSpaceFactor=\count123

(/usr/share/texlive/texmf-dist/tex/latex/latexconfig/hyperref.cfg
File: hyperref.cfg 2002/06/06 v1.2 hyperref configuration of TeXLive
)
Package hyperref Info: Option `bookmarks' set `true' on input line 4319.
Package hyperref Info: Option `bookmarksopen' set `true' on input line 4319.
Package hyperref Info: Option `bookmarksnumbered' set `true' on input line 4319
.
Package hyperref Info: Option `hypertexnames' set `false' on input line 4319.
Package hyperref Info: Option `colorlinks' set `true' on input line 4319.
Package hyperref Info: Option `unicode' set `true' on input line 4319.

(/usr/share/texlive/texmf-dist/tex/latex/hyperref/puenc.def
File: puenc.def 2012/11/06 v6.83m Hyperref: PDF Unicode definition (HO)
)
Package hyperref Info: Option `breaklinks' set `true' on input line 4319.
Package hyperref Info: Hyper figures OFF on input line 4443.
Package hyperref Info: Link nesting OFF on input line 4448.
Package hyperref Info: Hyper index ON on input line 4451.
Package hyperref Info: Plain pages OFF on input line 4458.
Package hyperref Info: Backreferencing OFF on input line 4463.
Package hyperref Info: Implicit mode ON; LaTeX internals redefined.
Package hyperref Info: Bookmarks ON on input line 4688.
\c@Hy@tempcnt=\count124

(/usr/share/texlive/texmf-dist/tex/latex/url/url.sty
\Urlmuskip=\muskip11
Package: url 2013/09/16  ver 3.4  Verb mode for urls, etc.
)
LaTeX Info: Redefining \url on input line 5041.
\XeTeXLinkMargin=\dimen146
\Fld@menulength=\count125
\Field@Width=\dimen147
\Fld@charsize=\dimen148
Package hyperref Info: Hyper figures OFF on input line 6295.
Package hyperref Info: Link nesting OFF on input line 6300.
Package hyperref Info: Hyper index ON on input line 6303.
Package hyperref Info: backreferencing OFF on input line 6310.
Package hyperref Info: Link coloring ON on input line 6313.
Package hyperref Info: Link coloring with OCG OFF on input line 6320.
Package hyperref Info: PDF/A mode OFF on input line 6325.
LaTeX Info: Redefining \ref on input line 6365.
LaTeX Info: Redefining \pageref on input line 6369.
\Hy@abspage=\count126
\c@Item=\count127
\c@Hfootnote=\count128
)

Package hyperref Message: Driver (autodetected): hpdftex.

(/usr/share/texlive/texmf-dist/tex/latex/hyperref/hpdftex.def
File: hpdftex.def 2012/11/06 v6.83m Hyperref driver for pdfTeX
\Fld@listcount=\count129
\c@bookmark@seq@number=\count130

(/usr/share/texlive/texmf-dist/tex/latex/oberdiek/rerunfilecheck.sty
Package: rerunfilecheck 2011/04/15 v1.7 Rerun checks for auxiliary files (HO)
Package uniquecounter Info: New unique counter `rerunfilecheck' on input line 2
82.
)
\Hy@SectionHShift=\skip66
)
\c@dummy=\count131

(/usr/share/texlive/texmf-dist/tex/latex/tools/longtable.sty
Package: longtable 2014/10/28 v4.11 Multi-page Table package (DPC)
\LTleft=\skip67
\LTright=\skip68
\LTpre=\skip69
\LTpost=\skip70
\LTchunksize=\count132
\LTcapwidth=\dimen149
\LT@head=\box31
\LT@firsthead=\box32
\LT@foot=\box33
\LT@lastfoot=\box34
\LT@cols=\count133
\LT@rows=\count134
\c@LT@tables=\count135
\c@LT@chunks=\count136
\LT@p@ftn=\toks29
))
(/usr/share/texlive/texmf-dist/tex/latex/natbib/natbib.sty
Package: natbib 2010/09/13 8.31b (PWD, AO)
\bibhang=\skip71
\bibsep=\skip72
LaTeX Info: Redefining \cite on input line 694.
\c@NAT@ctr=\count137
)
(/usr/share/texlive/texmf-dist/tex/latex/tools/verbatim.sty
Package: verbatim 2014/10/28 v1.5q LaTeX2e package for verbatim enhancements
\every@verbatim=\toks30
\verbatim@line=\toks31
\verbatim@in@stream=\read1
) (./vector.sty
Package: vector 1994/09/16 v1.0 vector macros for LaTeX2e (nde)

(/usr/share/texlive/texmf-dist/tex/latex/tools/calc.sty
Package: calc 2014/10/28 v4.3 Infix arithmetic (KKT,FJ)
\calc@Acount=\count138
\calc@Bcount=\count139
\calc@Adimen=\dimen150
\calc@Bdimen=\dimen151
\calc@Askip=\skip73
\calc@Bskip=\skip74
LaTeX Info: Redefining \setlength on input line 80.
LaTeX Info: Redefining \addtolength on input line 81.
\calc@Ccount=\count140
\calc@Cskip=\skip75
)
\c@vec@elem=\count141
)
Package hyperref Info: Option `colorlinks' set `true' on input line 14.

(/usr/share/texlive/texmf-dist/tex/latex/float/float.sty
Package: float 2001/11/08 v1.3d Float enhancements (AL)
\c@float@type=\count142
\float@exts=\toks32
\float@box=\box35
\@float@everytoks=\toks33
\@floatcapt=\box36
)
(/usr/share/texlive/texmf-dist/tex/latex/graphics/lscape.sty
Package: lscape 2000/10/22 v3.01 Landscape Pages (DPC)
)
(/usr/share/texlive/texmf-dist/tex/latex/multirow/multirow.sty
\bigstrutjot=\dimen152
) (./Thesis.aux

LaTeX Warning: Label `selection-sort' multiply defined.

)
\openout1 = `Thesis.aux'.

LaTeX Font Info:    Checking defaults for OML/cmm/m/it on input line 23.
LaTeX Font Info:    ... okay on input line 23.
LaTeX Font Info:    Checking defaults for T1/cmr/m/n on input line 23.
LaTeX Font Info:    ... okay on input line 23.
LaTeX Font Info:    Checking defaults for OT1/cmr/m/n on input line 23.
LaTeX Font Info:    ... okay on input line 23.
LaTeX Font Info:    Checking defaults for OMS/cmsy/m/n on input line 23.
LaTeX Font Info:    ... okay on input line 23.
LaTeX Font Info:    Checking defaults for OMX/cmex/m/n on input line 23.
LaTeX Font Info:    ... okay on input line 23.
LaTeX Font Info:    Checking defaults for U/cmr/m/n on input line 23.
LaTeX Font Info:    ... okay on input line 23.
LaTeX Font Info:    Checking defaults for PD1/pdf/m/n on input line 23.
LaTeX Font Info:    ... okay on input line 23.
LaTeX Font Info:    Checking defaults for PU/pdf/m/n on input line 23.
LaTeX Font Info:    ... okay on input line 23.
Package caption Info: Begin \AtBeginDocument code.
Package caption Info: float package is loaded.
Package caption Info: hyperref package is loaded.
Package caption Info: listings package is loaded.
Package caption Info: longtable package is loaded.
 (/usr/share/texlive/texmf-dist/tex/latex/caption/ltcaption.sty
Package: ltcaption 2013/06/09 v1.4-94 longtable captions (AR)
)
Package caption Info: rotating package is loaded.
Package caption Info: subfigure package is loaded.
Package caption Info: End \AtBeginDocument code.

(/usr/share/texlive/texmf-dist/tex/context/base/supp-pdf.mkii
[Loading MPS to PDF converter (version 2006.09.02).]
\scratchcounter=\count143
\scratchdimen=\dimen153
\scratchbox=\box37
\nofMPsegments=\count144
\nofMParguments=\count145
\everyMPshowfont=\toks34
\MPscratchCnt=\count146
\MPscratchDim=\dimen154
\MPnumerator=\count147
\makeMPintoPDFobject=\count148
\everyMPtoPDFconversion=\toks35
)
\c@lstlisting=\count149
\AtBeginShipoutBox=\box38
 (/usr/share/texlive/texmf-dist/tex/latex/graphics/color.sty
Package: color 2016/01/03 v1.1b Standard LaTeX Color (DPC)

(/usr/share/texlive/texmf-dist/tex/latex/latexconfig/color.cfg
File: color.cfg 2007/01/18 v1.5 color configuration of teTeX/TeXLive
)
Package color Info: Driver file: pdftex.def on input line 143.
)
Package hyperref Info: Link coloring ON on input line 23.

(/usr/share/texlive/texmf-dist/tex/latex/hyperref/nameref.sty
Package: nameref 2012/10/27 v2.43 Cross-referencing by name of section

(/usr/share/texlive/texmf-dist/tex/generic/oberdiek/gettitlestring.sty
Package: gettitlestring 2010/12/03 v1.4 Cleanup title references (HO)
)
\c@section@level=\count150
)
LaTeX Info: Redefining \ref on input line 23.
LaTeX Info: Redefining \pageref on input line 23.
LaTeX Info: Redefining \nameref on input line 23.

(./Thesis.out) (./Thesis.out)
\@outlinefile=\write3
\openout3 = `Thesis.out'.


------------------------------------------------------------------------------
 Title Page
------------------------------------------------------------------------------
[1



{/var/lib/texmf/fonts/map/pdftex/updmap/pdftex.map}] [2

]
------------------------------------------------------------------------------
 Abstract Page
------------------------------------------------------------------------------
[3]
------------------------------------------------------------------------------
 Table of Contents
------------------------------------------------------------------------------
[4


] (./Thesis.toc
LaTeX Font Info:    Try loading font information for U+msa on input line 3.
 (/usr/share/texlive/texmf-dist/tex/latex/amsfonts/umsa.fd
File: umsa.fd 2013/01/14 v3.01 AMS symbols A
)
LaTeX Font Info:    Try loading font information for U+msb on input line 3.

(/usr/share/texlive/texmf-dist/tex/latex/amsfonts/umsb.fd
File: umsb.fd 2013/01/14 v3.01 AMS symbols B
))
\tf@toc=\write4
\openout4 = `Thesis.toc'.

 [5] [6

]
------------------------------------------------------------------------------
 List of Figures
------------------------------------------------------------------------------
(./Thesis.lof)
\tf@lof=\write5
\openout5 = `Thesis.lof'.

 [7

] [8

]
------------------------------------------------------------------------------
 Acknowledgements
------------------------------------------------------------------------------
[9] [10


] (./Chapters/Chapter1.tex
Chapter 1.
------------------------------------------------------------------------------
 1 Introduction
------------------------------------------------------------------------------
[1

]) (./Chapters/Chapter2.tex [2]
Chapter 2.
------------------------------------------------------------------------------
 2 Background
------------------------------------------------------------------------------
<Figures/abstraction3rdyear.png, id=207, 363.3575pt x 162.6075pt>
File: Figures/abstraction3rdyear.png Graphic file (type png)

<use Figures/abstraction3rdyear.png>
Package pdftex.def Info: Figures/abstraction3rdyear.png used on input line 13.
(pdftex.def)             Requested size: 258.1687pt x 115.53648pt.
 [3

]
<Figures/Pseudorandom_sequence_2D.png, id=219, 290.08376pt x 290.08376pt>
File: Figures/Pseudorandom_sequence_2D.png Graphic file (type png)

<use Figures/Pseudorandom_sequence_2D.png>
Package pdftex.def Info: Figures/Pseudorandom_sequence_2D.png used on input lin
e 30.
(pdftex.def)             Requested size: 141.99213pt x 141.99178pt.

<Figures/Sobol_sequence_2D.png, id=220, 290.08376pt x 290.08376pt>
File: Figures/Sobol_sequence_2D.png Graphic file (type png)

<use Figures/Sobol_sequence_2D.png>
Package pdftex.def Info: Figures/Sobol_sequence_2D.png used on input line 31.
(pdftex.def)             Requested size: 141.99213pt x 141.99178pt.
 [4 <./Figures/abstraction3rdyear.png>]
[5 <./Figures/Pseudorandom_sequence_2D.png> <./Figures/Sobol_sequence_2D.png>]
<Figures/canny2.png, id=256, 446.66875pt x 136.51pt>
File: Figures/canny2.png Graphic file (type png)
 <use Figures/canny2.png>
Package pdftex.def Info: Figures/canny2.png used on input line 53.
(pdftex.def)             Requested size: 387.24649pt x 118.35239pt.

<Figures/blox.jpg, id=262, 256.96pt x 256.96pt>
File: Figures/blox.jpg Graphic file (type jpg)
 <use Figures/blox.jpg>
Package pdftex.def Info: Figures/blox.jpg used on input line 66.
(pdftex.def)             Requested size: 150.5995pt x 150.60133pt.

<Figures/bloxFilled.jpg, id=263, 256.96pt x 256.96pt>
File: Figures/bloxFilled.jpg Graphic file (type jpg)

<use Figures/bloxFilled.jpg>
Package pdftex.def Info: Figures/bloxFilled.jpg used on input line 67.
(pdftex.def)             Requested size: 150.5995pt x 150.60133pt.
) [6 <./Figures/canny2.png>]
(./Chapters/Chapter3.tex [7 <./Figures/blox.jpg> <./Figures/bloxFilled.jpg>]
[8

]
Chapter 3.
------------------------------------------------------------------------------
 3 Progress in Data Abstraction
------------------------------------------------------------------------------

Overfull \hbox (9.49084pt too wide) in paragraph at lines 15--16
\OT1/cmr/m/n/12 Canny edge de-tec-tion was im-ple-mented us-ing the Canny func-
tion pro-vided by OpenCV.
 []

[9] <Figures/building.jpg, id=294, 653.44125pt x 451.6875pt>
File: Figures/building.jpg Graphic file (type jpg)

<use Figures/building.jpg>
Package pdftex.def Info: Figures/building.jpg used on input line 21.
(pdftex.def)             Requested size: 133.38475pt x 92.19678pt.

<Figures/buildGray.jpg, id=295, 871.255pt x 602.25pt>
File: Figures/buildGray.jpg Graphic file (type jpg)

<use Figures/buildGray.jpg>
Package pdftex.def Info: Figures/buildGray.jpg used on input line 22.
(pdftex.def)             Requested size: 133.38475pt x 92.19908pt.

<Figures/buildBlur.jpg, id=296, 871.255pt x 602.25pt>
File: Figures/buildBlur.jpg Graphic file (type jpg)

<use Figures/buildBlur.jpg>
Package pdftex.def Info: Figures/buildBlur.jpg used on input line 23.
(pdftex.def)             Requested size: 133.38475pt x 92.19908pt.

<Figures/buildCanny.jpg, id=297, 871.255pt x 602.25pt>
File: Figures/buildCanny.jpg Graphic file (type jpg)

<use Figures/buildCanny.jpg>
Package pdftex.def Info: Figures/buildCanny.jpg used on input line 27.
(pdftex.def)             Requested size: 133.38475pt x 92.19908pt.

<Figures/buildDilated.jpg, id=298, 871.255pt x 602.25pt>
File: Figures/buildDilated.jpg Graphic file (type jpg)

<use Figures/buildDilated.jpg>
Package pdftex.def Info: Figures/buildDilated.jpg used on input line 28.
(pdftex.def)             Requested size: 133.38475pt x 92.19908pt.

Overfull \hbox (5.87744pt too wide) in paragraph at lines 19--30
 [] 
 []

[10 <./Figures/building.jpg> <./Figures/buildGray.jpg> <./Figures/buildBlur.jpg
> <./Figures/buildCanny.jpg> <./Figures/buildDilated.jpg>] [11]
<Figures/Brute.jpg, id=311, 851.18pt x 481.8pt>
File: Figures/Brute.jpg Graphic file (type jpg)
 <use Figures/Brute.jpg>
Package pdftex.def Info: Figures/Brute.jpg used on input line 54.
(pdftex.def)             Requested size: 193.62325pt x 109.59863pt.

<Figures/Sobol.jpg, id=312, 851.18pt x 481.8pt>
File: Figures/Sobol.jpg Graphic file (type jpg)
 <use Figures/Sobol.jpg>
Package pdftex.def Info: Figures/Sobol.jpg used on input line 55.
(pdftex.def)             Requested size: 193.62325pt x 109.59863pt.

[12 <./Figures/Brute.jpg> <./Figures/Sobol.jpg>]
<Figures/ColourConsistency.png, id=320, 1067.99pt x 318.18875pt>
File: Figures/ColourConsistency.png Graphic file (type png)

<use Figures/ColourConsistency.png>
Package pdftex.def Info: Figures/ColourConsistency.png used on input line 74.
(pdftex.def)             Requested size: 430.27681pt x 128.19086pt.
) (./Chapters/Chapter4.tex [13 <./Figures/ColourConsistency.png>] [14

]
Chapter 4.
------------------------------------------------------------------------------
 4 Plan for Remaining Work
------------------------------------------------------------------------------
) (./Appendices/AppendixA.tex [15] [16

]
Appendix A.
------------------------------------------------------------------------------
 A Sobol Sequence Implementation
------------------------------------------------------------------------------
(/usr/share/texlive/texmf-dist/tex/latex/listings/lstlang1.sty
File: lstlang1.sty 2015/06/04 1.6 listings language file
)
(/usr/share/texlive/texmf-dist/tex/latex/listings/lstlang1.sty
File: lstlang1.sty 2015/06/04 1.6 listings language file
)
(/usr/share/texlive/texmf-dist/tex/latex/listings/lstmisc.sty
File: lstmisc.sty 2015/06/04 1.6 (Carsten Heinz)
) (./Code/sobol.h
LaTeX Font Info:    Font shape `OT1/cmtt/bx/n' in size <8> not available
(Font)              Font shape `OT1/cmtt/m/n' tried instead on input line 21.

[17]) (./Code/sobol.cpp [18])) (./Appendices/AppendixB.tex [19] [20

]
Appendix B.
------------------------------------------------------------------------------
 B Edge Detection Experimentation
------------------------------------------------------------------------------
<Figures/Blur1.png, id=459, 871.255pt x 658.46pt>
File: Figures/Blur1.png Graphic file (type png)
 <use Figures/Blur1.png>
Package pdftex.def Info: Figures/Blur1.png used on input line 9.
(pdftex.def)             Requested size: 133.38475pt x 100.80434pt.

<Figures/Blur2.png, id=460, 870.25125pt x 657.45625pt>
File: Figures/Blur2.png Graphic file (type png)
 <use Figures/Blur2.png>
Package pdftex.def Info: Figures/Blur2.png used on input line 10.
(pdftex.def)             Requested size: 133.38475pt x 100.76102pt.

<Figures/Blur3.png, id=461, 871.255pt x 660.4675pt>
File: Figures/Blur3.png Graphic file (type png)
 <use Figures/Blur3.png>
Package pdftex.def Info: Figures/Blur3.png used on input line 11.
(pdftex.def)             Requested size: 133.38475pt x 101.11166pt.

Overfull \hbox (5.87744pt too wide) in paragraph at lines 8--13
 [] 
 []

[21 <./Figures/Blur1.png> <./Figures/Blur2.png> <./Figures/Blur3.png>]
File: Figures/building.jpg Graphic file (type jpg)

<use Figures/building.jpg>
Package pdftex.def Info: Figures/building.jpg used on input line 23.
(pdftex.def)             Requested size: 174.26158pt x 120.45474pt.
 <Figures/orange.jpg, id=469, 513.92pt x 513.92pt>
File: Figures/orange.jpg Graphic file (type jpg)

<use Figures/orange.jpg>
Package pdftex.def Info: Figures/orange.jpg used on input line 24.
(pdftex.def)             Requested size: 120.47697pt x 120.47322pt.

<Figures/buildThresh15.jpg, id=470, 871.255pt x 602.25pt>
File: Figures/buildThresh15.jpg Graphic file (type jpg)

<use Figures/buildThresh15.jpg>
Package pdftex.def Info: Figures/buildThresh15.jpg used on input line 25.
(pdftex.def)             Requested size: 174.26158pt x 120.45705pt.

<Figures/orangeThresh15.jpg, id=471, 513.92pt x 513.92pt>
File: Figures/orangeThresh15.jpg Graphic file (type jpg)

<use Figures/orangeThresh15.jpg>
Package pdftex.def Info: Figures/orangeThresh15.jpg used on input line 26.
(pdftex.def)             Requested size: 120.47697pt x 120.47322pt.

<Figures/buildThresh30.jpg, id=472, 871.255pt x 602.25pt>
File: Figures/buildThresh30.jpg Graphic file (type jpg)

<use Figures/buildThresh30.jpg>
Package pdftex.def Info: Figures/buildThresh30.jpg used on input line 27.
(pdftex.def)             Requested size: 174.26158pt x 120.45705pt.

<Figures/orangeThresh30.jpg, id=473, 513.92pt x 513.92pt>
File: Figures/orangeThresh30.jpg Graphic file (type jpg)

<use Figures/orangeThresh30.jpg>
Package pdftex.def Info: Figures/orangeThresh30.jpg used on input line 28.
(pdftex.def)             Requested size: 120.47697pt x 120.47322pt.

<Figures/buildThresh45.jpg, id=474, 871.255pt x 602.25pt>
File: Figures/buildThresh45.jpg Graphic file (type jpg)

<use Figures/buildThresh45.jpg>
Package pdftex.def Info: Figures/buildThresh45.jpg used on input line 29.
(pdftex.def)             Requested size: 174.26158pt x 120.45705pt.

<Figures/orangeThresh45.jpg, id=475, 513.92pt x 513.92pt>
File: Figures/orangeThresh45.jpg Graphic file (type jpg)

<use Figures/orangeThresh45.jpg>
Package pdftex.def Info: Figures/orangeThresh45.jpg used on input line 30.
(pdftex.def)             Requested size: 120.47697pt x 120.47322pt.
) [22] (./Appendices/AppendixC.tex [23 <./Figures/orange.jpg> <./Figures/buildT
hresh15.jpg> <./Figures/orangeThresh15.jpg> <./Figures/buildThresh30.jpg> <./Fi
gures/orangeThresh30.jpg> <./Figures/buildThresh45.jpg> <./Figures/orangeThresh
45.jpg>] [24

]
Appendix C.
------------------------------------------------------------------------------
 C Contour Based Seed Point Location
------------------------------------------------------------------------------
File: Figures/blox.jpg Graphic file (type jpg)
<use Figures/blox.jpg>
Package pdftex.def Info: Figures/blox.jpg used on input line 11.
(pdftex.def)             Requested size: 133.38475pt x 133.3847pt.

<Figures/ContourCentres.jpg, id=490, 256.96pt x 256.96pt>
File: Figures/ContourCentres.jpg Graphic file (type jpg)

<use Figures/ContourCentres.jpg>
Package pdftex.def Info: Figures/ContourCentres.jpg used on input line 12.
(pdftex.def)             Requested size: 133.38475pt x 133.3847pt.
) [25] (./Appendices/AppendixD.tex [26 <./Figures/ContourCentres.jpg>]
Appendix D.
------------------------------------------------------------------------------
 D Demonstrations of Full Data Abstraction
------------------------------------------------------------------------------
File: Figures/building.jpg Graphic file (type jpg)
<use Figures/building.jpg>
Package pdftex.def Info: Figures/building.jpg used on input line 7.
(pdftex.def)             Requested size: 193.62325pt x 133.83937pt.
 <Figures/Final.jpg, id=499, 871.255pt x 602.25pt>
File: Figures/Final.jpg Graphic file (type jpg)

<use Figures/Final.jpg>
Package pdftex.def Info: Figures/Final.jpg used on input line 8.
(pdftex.def)             Requested size: 193.62325pt x 133.83708pt.
 <Figures/lena.jpg, id=500, 506.88pt x 506.88pt>
File: Figures/lena.jpg Graphic file (type jpg)

<use Figures/lena.jpg>
Package pdftex.def Info: Figures/lena.jpg used on input line 18.
(pdftex.def)             Requested size: 193.62325pt x 193.62187pt.
 <Figures/lenaDA.jpg, id=501, 513.92pt x 513.92pt>
File: Figures/lenaDA.jpg Graphic file (type jpg)

<use Figures/lenaDA.jpg>
Package pdftex.def Info: Figures/lenaDA.jpg used on input line 19.
(pdftex.def)             Requested size: 193.62325pt x 193.62132pt.

<Figures/pufferfish6.jpg, id=502, 1927.2pt x 1084.05pt>
File: Figures/pufferfish6.jpg Graphic file (type jpg)

<use Figures/pufferfish6.jpg>
Package pdftex.def Info: Figures/pufferfish6.jpg used on input line 20.
(pdftex.def)             Requested size: 193.62325pt x 108.90758pt.

<Figures/pufferfishDA.jpg, id=503, 1927.2pt x 1084.05pt>
File: Figures/pufferfishDA.jpg Graphic file (type jpg)

<use Figures/pufferfishDA.jpg>
Package pdftex.def Info: Figures/pufferfishDA.jpg used on input line 21.
(pdftex.def)             Requested size: 193.62325pt x 108.90758pt.

<Figures/starry_night.jpg, id=504, 181.1568pt x 144.54pt>
File: Figures/starry_night.jpg Graphic file (type jpg)

<use Figures/starry_night.jpg>
Package pdftex.def Info: Figures/starry_night.jpg used on input line 22.
(pdftex.def)             Requested size: 193.62325pt x 154.48642pt.

<Figures/starry_nightDA.jpg, id=505, 754.82pt x 602.25pt>
File: Figures/starry_nightDA.jpg Graphic file (type jpg)

<use Figures/starry_nightDA.jpg>
Package pdftex.def Info: Figures/starry_nightDA.jpg used on input line 23.
(pdftex.def)             Requested size: 193.62325pt x 154.48607pt.


LaTeX Warning: Float too large for page by 20.28754pt on input line 28.


LaTeX Warning: `h' float specifier changed to `ht'.

) (./Appendices/AppendixE.tex [27

 <./Figures/Final.jpg>] [28 <./Figures/lena.jpg> <./Figures/lenaDA.jpg> <./Figu
res/pufferfish6.jpg> <./Figures/pufferfishDA.jpg> <./Figures/starry_night.jpg> 
<./Figures/starry_nightDA.jpg>]
Appendix E.
------------------------------------------------------------------------------
 E Gantt Chart
------------------------------------------------------------------------------
[29

] <Figures/ganttfinal.png, id=519, 1648.1575pt x 660.4675pt>
File: Figures/ganttfinal.png Graphic file (type png)

<use Figures/ganttfinal.png>
Package pdftex.def Info: Figures/ganttfinal.png used on input line 6.
(pdftex.def)             Requested size: 645.4152pt x 258.63947pt.
 [30

 <./Figures/ganttfinal.png>])
(./Appendices/AppendixF.tex
Appendix F.
------------------------------------------------------------------------------
 F Costing and Risk Assessment
------------------------------------------------------------------------------
<Figures/Requisitions.png, id=525, 1297.84875pt x 404.51125pt>
File: Figures/Requisitions.png Graphic file (type png)

<use Figures/Requisitions.png>
Package pdftex.def Info: Figures/Requisitions.png used on input line 6.
(pdftex.def)             Requested size: 430.27681pt x 134.10635pt.

<Figures/RiskAssessment.png, id=526, 743.77875pt x 600.2425pt>
File: Figures/RiskAssessment.png Graphic file (type png)

<use Figures/RiskAssessment.png>
Package pdftex.def Info: Figures/RiskAssessment.png used on input line 14.
(pdftex.def)             Requested size: 430.27681pt x 347.25247pt.
) [31


 <./Figures/Requisitions.png>] [32 <./Figures/RiskAssessment.png>]
------------------------------------------------------------------------------
 Bibliography
------------------------------------------------------------------------------
(./Thesis.bbl
Underfull \hbox (badness 10000) in paragraph at lines 19--23
[]\OT1/cmr/m/n/12 IrisVR, ``The im-por-tance of frame rates,'' 2017.  Avail-
 []


Underfull \hbox (badness 10000) in paragraph at lines 19--23
\OT1/cmr/m/n/12 able: [][]$\OT1/cmtt/m/n/12 https : / / help . irisvr . com / h
c / en-[]us / articles /
 []


Underfull \hbox (badness 1735) in paragraph at lines 34--39
[]\OT1/cmr/m/n/12 A. Barrett-Sprot, ``Data ab-strac-tion for low-bandwidth com-
mu-ni-ca-tion,''
 []

[33


]
Underfull \hbox (badness 4543) in paragraph at lines 82--86
[]\OT1/cmr/m/n/12 A. Mord-v-int-sev and K. Abid, ``Opencv canny edge de-tec-tio
n tu-to-
 []


Underfull \hbox (badness 10000) in paragraph at lines 88--92
[]\OT1/cmr/m/n/12 V. Jai-mini, ``Hack-erearth.com flood fill tu-to-rial,'' 2017
.  Avail-
 []


Underfull \hbox (badness 10000) in paragraph at lines 88--92
\OT1/cmr/m/n/12 able: [][]$\OT1/cmtt/m/n/12 https : / / www . hackerearth . com
 / practice / algorithms / graphs /
 []

[34]
Underfull \hbox (badness 5607) in paragraph at lines 110--114
[]\OT1/cmr/m/n/12 OpenCV Doc-u-men-ta-tion, ``Canny edge de-tec-tor,'' 2017.  A
vail-able:
 []


Underfull \hbox (badness 10000) in paragraph at lines 110--114
[][]$\OT1/cmtt/m/n/12 https : / / docs . opencv . org / 2 . 4 / doc / tutorials
 / imgproc / imgtrans / canny _
 []

)
Package atveryend Info: Empty hook `BeforeClearDocument' on input line 135.
 [35]
Package atveryend Info: Empty hook `AfterLastShipout' on input line 135.
 (./Thesis.aux)
Package atveryend Info: Executing hook `AtVeryEndDocument' on input line 135.
Package atveryend Info: Executing hook `AtEndAfterFileList' on input line 135.
Package rerunfilecheck Info: File `Thesis.out' has not changed.
(rerunfilecheck)             Checksum: B193F84B52BF26EB6A8308B49C27DDF1;3326.


LaTeX Warning: There were multiply-defined labels.

Package atveryend Info: Empty hook `AtVeryVeryEnd' on input line 135.
 ) 
Here is how much of TeX's memory you used:
 13734 strings out of 494953
 195759 string characters out of 6180978
 304690 words of memory out of 5000000
 16539 multiletter control sequences out of 15000+600000
 13098 words of font info for 49 fonts, out of 8000000 for 9000
 14 hyphenation exceptions out of 8191
 49i,12n,61p,1170b,1845s stack positions out of 5000i,500n,10000p,200000b,80000s
</usr/share/texlive/texmf-dist/fonts/type1/public/amsfonts/cm/cmbx12.pfb></us
r/share/texlive/texmf-dist/fonts/type1/public/amsfonts/cm/cmcsc10.pfb></usr/sha
re/texlive/texmf-dist/fonts/type1/public/amsfonts/cm/cmex10.pfb></usr/share/tex
live/texmf-dist/fonts/type1/public/amsfonts/cm/cmitt10.pfb></usr/share/texlive/
texmf-dist/fonts/type1/public/amsfonts/cm/cmmi12.pfb></usr/share/texlive/texmf-
dist/fonts/type1/public/amsfonts/cm/cmmi6.pfb></usr/share/texlive/texmf-dist/fo
nts/type1/public/amsfonts/cm/cmmi8.pfb></usr/share/texlive/texmf-dist/fonts/typ
e1/public/amsfonts/cm/cmr10.pfb></usr/share/texlive/texmf-dist/fonts/type1/publ
ic/amsfonts/cm/cmr12.pfb></usr/share/texlive/texmf-dist/fonts/type1/public/amsf
onts/cm/cmr17.pfb></usr/share/texlive/texmf-dist/fonts/type1/public/amsfonts/cm
/cmr8.pfb></usr/share/texlive/texmf-dist/fonts/type1/public/amsfonts/cm/cmsy8.p
fb></usr/share/texlive/texmf-dist/fonts/type1/public/amsfonts/cm/cmti12.pfb></u
sr/share/texlive/texmf-dist/fonts/type1/public/amsfonts/cm/cmtt12.pfb></usr/sha
re/texlive/texmf-dist/fonts/type1/public/amsfonts/cm/cmtt8.pfb></usr/share/texl
ive/texmf-dist/fonts/type1/public/amsfonts/cm/cmu10.pfb>
Output written on Thesis.pdf (45 pages, 6642854 bytes).
PDF statistics:
 669 PDF objects out of 1000 (max. 8388607)
 562 compressed objects within 6 object streams
 214 named destinations out of 1000 (max. 500000)
 336 words of extra memory for PDF output out of 10000 (max. 10000000)

